<?xml version="1.0" encoding="UTF-8" ?>
<testsuite errors="2" failures="0" name="org.openplans.geoserver.gt.catalog.wfs.WFSServiceFactoryTest" tests="2" time="0.35">
  <properties>
    <property name="file.encoding.pkg" value="sun.io"></property>
    <property name="maven.compile.debug" value="on"></property>
    <property name="maven.property.inheritance" value="true"></property>
    <property name="java.home" value="/usr/java/j2sdk1.4.2_09/jre"></property>
    <property name="maven.distBuildIndicator" value="DIST_BUILD_DIRECTORY"></property>
    <property name="context" value="org.apache.maven.jelly.MavenJellyContext@35eed0"></property>
    <property name="maven.plugin.unpacked.dir" value="/home/jdeolive/.maven/cache"></property>
    <property name="java.endorsed.dirs" value="/usr/java/j2sdk1.4.2_09/lib/endorsed:/usr/java/maven-1.0.2/lib/endorsed"></property>
    <property name="maven.conf.dir" value="/data/devel/geoserver-spike/geoserver-2.0/org.openplans.geoserver.gt.catalog.wfs/conf"></property>
    <property name="org.apache.commons.jelly.ant.Project" value="org.apache.commons.grant.GrantProject@175b7f9"></property>
    <property name="maven.xdoc.includeProjectDocumentation" value="yes"></property>
    <property name="maven.docs.omitXmlDeclaration" value="false"></property>
    <property name="sun.os.patch.level" value="unknown"></property>
    <property name="java.vendor.url" value="http://java.sun.com/"></property>
    <property name="maven.build.dir" value="/data/devel/geoserver-spike/geoserver-2.0/org.openplans.geoserver.gt.catalog.wfs/target"></property>
    <property name="java.version" value="1.4.2_09"></property>
    <property name="maven.remote.group" value="maven"></property>
    <property name="java.vendor.url.bug" value="http://java.sun.com/cgi-bin/bugreport.cgi"></property>
    <property name="maven.junit.jvm" value=""></property>
    <property name="user.name" value="jdeolive"></property>
    <property name="sun.io.unicode.encoding" value="UnicodeLittle"></property>
    <property name="maven.junit.printSummary" value="true"></property>
    <property name="java.runtime.name" value="Java(TM) 2 Runtime Environment, Standard Edition"></property>
    <property name="maven.xdoc.date.format" value="dd MMMM yyyy"></property>
    <property name="java.specification.name" value="Java Platform API Specification"></property>
    <property name="user.timezone" value="America/Vancouver"></property>
    <property name="maven.xdoc.poweredby.title" value="Built by Maven"></property>
    <property name="maven.ssh.executable" value="ssh"></property>
    <property name="path.separator" value=":"></property>
    <property name="maven.xdoc.pomDocuments" value="cvs-usage.xml,index.xml,maven-reports.xml,dependencies.xml,issue-tracking.xml,mail-lists.xml,project-info.xml,team-list.xml,downloads.jelly"></property>
    <property name="file.encoding" value="UTF-8"></property>
    <property name="maven.antlr.target.dir" value="/data/devel/geoserver-spike/geoserver-2.0/org.openplans.geoserver.gt.catalog.wfs/target/antlr"></property>
    <property name="maven.jar.mainclass" value=""></property>
    <property name="systemScope" value="{java.runtime.name=Java(TM) 2 Runtime Environment, Standard Edition, sun.boot.library.path=/usr/java/j2sdk1.4.2_09/jre/lib/i386, java.vm.version=1.4.2_09-b05, java.vm.vendor=Sun Microsystems Inc., java.vendor.url=http://java.sun.com/, path.separator=:, java.vm.name=Java HotSpot(TM) Client VM, file.encoding.pkg=sun.io, user.country=US, sun.os.patch.level=unknown, java.vm.specification.name=Java Virtual Machine Specification, user.dir=/data/devel/geoserver-spike/geoserver-2.0, java.runtime.version=1.4.2_09-b05, forehead.conf.file=/usr/java/maven-1.0.2/bin/forehead.conf, java.awt.graphicsenv=sun.awt.X11GraphicsEnvironment, java.endorsed.dirs=/usr/java/j2sdk1.4.2_09/lib/endorsed:/usr/java/maven-1.0.2/lib/endorsed, os.arch=i386, java.io.tmpdir=/tmp, line.separator=
, java.vm.specification.vendor=Sun Microsystems Inc., os.name=Linux, sun.java2d.fontpath=, tools.jar=/usr/java/j2sdk1.4.2_09/lib/tools.jar, javax.xml.parsers.SAXParserFactory=org.apache.xerces.jaxp.SAXParserFactoryImpl, java.library.path=/usr/java/j2sdk1.4.2_09/jre/lib/i386/client:/usr/java/j2sdk1.4.2_09/jre/lib/i386:/usr/java/j2sdk1.4.2_09/jre/../lib/i386, java.specification.name=Java Platform API Specification, java.class.version=48.0, java.util.prefs.PreferencesFactory=java.util.prefs.FileSystemPreferencesFactory, os.version=2.6.11-1.1369_FC4, user.home=/home/jdeolive, user.timezone=America/Vancouver, java.awt.printerjob=sun.print.PSPrinterJob, file.encoding=UTF-8, java.specification.version=1.4, java.class.path=/usr/java/maven-1.0.2/lib/forehead-1.0-beta-5.jar, user.name=jdeolive, java.vm.specification.version=1.0, java.home=/usr/java/j2sdk1.4.2_09/jre, sun.arch.data.model=32, user.language=en, java.specification.vendor=Sun Microsystems Inc., java.vm.info=mixed mode, java.version=1.4.2_09, java.ext.dirs=/usr/java/j2sdk1.4.2_09/jre/lib/ext, sun.boot.class.path=/usr/java/maven-1.0.2/lib/endorsed/xerces-2.4.0.jar:/usr/java/maven-1.0.2/lib/endorsed/xml-apis-1.0.b2.jar:/usr/java/j2sdk1.4.2_09/jre/lib/rt.jar:/usr/java/j2sdk1.4.2_09/jre/lib/i18n.jar:/usr/java/j2sdk1.4.2_09/jre/lib/sunrsasign.jar:/usr/java/j2sdk1.4.2_09/jre/lib/jsse.jar:/usr/java/j2sdk1.4.2_09/jre/lib/jce.jar:/usr/java/j2sdk1.4.2_09/jre/lib/charsets.jar:/usr/java/j2sdk1.4.2_09/jre/classes, javax.xml.parsers.DocumentBuilderFactory=org.apache.xerces.jaxp.DocumentBuilderFactoryImpl, java.vendor=Sun Microsystems Inc., maven.home=/usr/java/maven-1.0.2, file.separator=/, java.vendor.url.bug=http://java.sun.com/cgi-bin/bugreport.cgi, sun.io.unicode.encoding=UnicodeLittle, sun.cpu.endian=little, sun.cpu.isalist=}"></property>
    <property name="maven.junit.dir" value="/data/devel/geoserver-spike/geoserver-2.0/org.openplans.geoserver.gt.catalog.wfs"></property>
    <property name="maven.xdoc.poweredby.image" value="maven-button-1.png"></property>
    <property name="maven.jar.index" value="false"></property>
    <property name="java.io.tmpdir" value="/tmp"></property>
    <property name="user.language" value="en"></property>
    <property name="maven.xdoc.date" value=""></property>
    <property name="line.separator" value="
"></property>
    <property name="maven.repo.local" value="/home/jdeolive/.maven/repository"></property>
    <property name="maven.plugin.user.dir" value="/home/jdeolive/.maven/plugins"></property>
    <property name="maven.artifact.manifest.basedir" value="/plugin-resources/templates"></property>
    <property name="maven.junit.fork" value="no "></property>
    <property name="maven.junit.usefile" value="true"></property>
    <property name="maven.junit.format" value="brief"></property>
    <property name="maven.compile.optimize" value="off"></property>
    <property name="java.vm.info" value="mixed mode"></property>
    <property name="maven.repo.remote.enabled" value="true"></property>
    <property name="java.util.prefs.PreferencesFactory" value="java.util.prefs.FileSystemPreferencesFactory"></property>
    <property name="java.vm.specification.name" value="Java Virtual Machine Specification"></property>
    <property name="maven.emacsModeOn" value="false"></property>
    <property name="maven.build.dest" value="/data/devel/geoserver-spike/geoserver-2.0/org.openplans.geoserver.gt.catalog.wfs/target/classes"></property>
    <property name="maven.jar.manifest.extensions.add" value="false"></property>
    <property name="maven.compile.deprecation" value="off"></property>
    <property name="maven.xdoc.projectInfo" value="cvs-usage.xml,dependencies.xml,issue-tracking.xml,mail-lists.xml,project-info.xml,team-list.xml,downloads.jelly"></property>
    <property name="parentScope" value="{java.vendor=org.apache.commons.jelly.expression.ConstantExpression@181497d[value=Sun Microsystems Inc.], os.name=org.apache.commons.jelly.expression.ConstantExpression@ffeef1[value=Linux], sun.boot.class.path=org.apache.commons.jelly.expression.ConstantExpression@a010ba[value=/usr/java/maven-1.0.2/lib/endorsed/xerces-2.4.0.jar:/usr/java/maven-1.0.2/lib/endorsed/xml-apis-1.0.b2.jar:/usr/java/j2sdk1.4.2_09/jre/lib/rt.jar:/usr/java/j2sdk1.4.2_09/jre/lib/i18n.jar:/usr/java/j2sdk1.4.2_09/jre/lib/sunrsasign.jar:/usr/java/j2sdk1.4.2_09/jre/lib/jsse.jar:/usr/java/j2sdk1.4.2_09/jre/lib/jce.jar:/usr/java/j2sdk1.4.2_09/jre/lib/charsets.jar:/usr/java/j2sdk1.4.2_09/jre/classes], tools.jar=org.apache.commons.jelly.expression.ConstantExpression@aa3518[value=/usr/java/j2sdk1.4.2_09/lib/tools.jar], sun.java2d.fontpath=org.apache.commons.jelly.expression.ConstantExpression@83d8be[value=], java.vm.specification.vendor=org.apache.commons.jelly.expression.ConstantExpression@ae1cf[value=Sun Microsystems Inc.], maven.distBuildDirectory=org.apache.commons.jelly.expression.CompositeExpression@157b46f[expressions=[org.apache.commons.jelly.expression.jexl.JexlExpressionFactory$ExpressionSupportLocal@1071c84[expression:basedir], org.apache.commons.jelly.expression.ConstantExpression@1e152f4[value=/target]]], java.runtime.version=org.apache.commons.jelly.expression.ConstantExpression@6ef7ba[value=1.4.2_09-b05], maven.repo.remote.enabled=org.apache.commons.jelly.expression.ConstantExpression@17dc1cb[value=true], systemScope={java.runtime.name=Java(TM) 2 Runtime Environment, Standard Edition, sun.boot.library.path=/usr/java/j2sdk1.4.2_09/jre/lib/i386, java.vm.version=1.4.2_09-b05, java.vm.vendor=Sun Microsystems Inc., java.vendor.url=http://java.sun.com/, path.separator=:, java.vm.name=Java HotSpot(TM) Client VM, file.encoding.pkg=sun.io, user.country=US, sun.os.patch.level=unknown, java.vm.specification.name=Java Virtual Machine Specification, user.dir=/data/devel/geoserver-spike/geoserver-2.0, java.runtime.version=1.4.2_09-b05, forehead.conf.file=/usr/java/maven-1.0.2/bin/forehead.conf, java.awt.graphicsenv=sun.awt.X11GraphicsEnvironment, java.endorsed.dirs=/usr/java/j2sdk1.4.2_09/lib/endorsed:/usr/java/maven-1.0.2/lib/endorsed, os.arch=i386, java.io.tmpdir=/tmp, line.separator=
, java.vm.specification.vendor=Sun Microsystems Inc., os.name=Linux, sun.java2d.fontpath=, tools.jar=/usr/java/j2sdk1.4.2_09/lib/tools.jar, javax.xml.parsers.SAXParserFactory=org.apache.xerces.jaxp.SAXParserFactoryImpl, java.library.path=/usr/java/j2sdk1.4.2_09/jre/lib/i386/client:/usr/java/j2sdk1.4.2_09/jre/lib/i386:/usr/java/j2sdk1.4.2_09/jre/../lib/i386, java.specification.name=Java Platform API Specification, java.class.version=48.0, java.util.prefs.PreferencesFactory=java.util.prefs.FileSystemPreferencesFactory, os.version=2.6.11-1.1369_FC4, user.home=/home/jdeolive, user.timezone=America/Vancouver, java.awt.printerjob=sun.print.PSPrinterJob, file.encoding=UTF-8, java.specification.version=1.4, java.class.path=/usr/java/maven-1.0.2/lib/forehead-1.0-beta-5.jar, user.name=jdeolive, java.vm.specification.version=1.0, java.home=/usr/java/j2sdk1.4.2_09/jre, sun.arch.data.model=32, user.language=en, java.specification.vendor=Sun Microsystems Inc., java.vm.info=mixed mode, java.version=1.4.2_09, java.ext.dirs=/usr/java/j2sdk1.4.2_09/jre/lib/ext, sun.boot.class.path=/usr/java/maven-1.0.2/lib/endorsed/xerces-2.4.0.jar:/usr/java/maven-1.0.2/lib/endorsed/xml-apis-1.0.b2.jar:/usr/java/j2sdk1.4.2_09/jre/lib/rt.jar:/usr/java/j2sdk1.4.2_09/jre/lib/i18n.jar:/usr/java/j2sdk1.4.2_09/jre/lib/sunrsasign.jar:/usr/java/j2sdk1.4.2_09/jre/lib/jsse.jar:/usr/java/j2sdk1.4.2_09/jre/lib/jce.jar:/usr/java/j2sdk1.4.2_09/jre/lib/charsets.jar:/usr/java/j2sdk1.4.2_09/jre/classes, javax.xml.parsers.DocumentBuilderFactory=org.apache.xerces.jaxp.DocumentBuilderFactoryImpl, java.vendor=Sun Microsystems Inc., maven.home=/usr/java/maven-1.0.2, file.separator=/, java.vendor.url.bug=http://java.sun.com/cgi-bin/bugreport.cgi, sun.io.unicode.encoding=UnicodeLittle, sun.cpu.endian=little, sun.cpu.isalist=}, user.name=org.apache.commons.jelly.expression.ConstantExpression@149f041[value=jdeolive], maven.compile.debug=org.apache.commons.jelly.expression.ConstantExpression@11410e5[value=on], maven.repo.local=org.apache.commons.jelly.expression.CompositeExpression@61373f[expressions=[org.apache.commons.jelly.expression.jexl.JexlExpressionFactory$ExpressionSupportLocal@7244ca[expression:maven.home.local], org.apache.commons.jelly.expression.ConstantExpression@23756[value=/repository]]], maven.defaults.loaded=org.apache.commons.jelly.expression.ConstantExpression@13c53a8[value=true], javax.xml.parsers.SAXParserFactory=org.apache.commons.jelly.expression.ConstantExpression@1984a9d[value=org.apache.xerces.jaxp.SAXParserFactoryImpl], maven.docs.omitXmlDeclaration=org.apache.commons.jelly.expression.ConstantExpression@ebf068[value=false], user.language=org.apache.commons.jelly.expression.ConstantExpression@14aa2db[value=en], sun.boot.library.path=org.apache.commons.jelly.expression.ConstantExpression@109da93[value=/usr/java/j2sdk1.4.2_09/jre/lib/i386], maven.war.src=org.apache.commons.jelly.expression.CompositeExpression@1c297a3[expressions=[org.apache.commons.jelly.expression.jexl.JexlExpressionFactory$ExpressionSupportLocal@717323[expression:basedir], org.apache.commons.jelly.expression.ConstantExpression@3e1bc8[value=/web]]], maven.build.dest=org.apache.commons.jelly.expression.CompositeExpression@191f801[expressions=[org.apache.commons.jelly.expression.jexl.JexlExpressionFactory$ExpressionSupportLocal@313170[expression:maven.build.dir], org.apache.commons.jelly.expression.ConstantExpression@1a4c5b4[value=/classes]]], maven.plugin.user.dir=org.apache.commons.jelly.expression.CompositeExpression@afae4a[expressions=[org.apache.commons.jelly.expression.jexl.JexlExpressionFactory$ExpressionSupportLocal@1db9852[expression:maven.home.local], org.apache.commons.jelly.expression.ConstantExpression@1ed5459[value=/plugins]]], java.version=org.apache.commons.jelly.expression.ConstantExpression@1ed1dbe[value=1.4.2_09], user.timezone=org.apache.commons.jelly.expression.ConstantExpression@3bc1a1[value=America/Vancouver], parentScope={java.vendor=org.apache.commons.jelly.expression.ConstantExpression@12549c4[value=Sun Microsystems Inc.], os.name=org.apache.commons.jelly.expression.ConstantExpression@10df4e2[value=Linux], sun.boot.class.path=org.apache.commons.jelly.expression.ConstantExpression@1485542[value=/usr/java/maven-1.0.2/lib/endorsed/xerces-2.4.0.jar:/usr/java/maven-1.0.2/lib/endorsed/xml-apis-1.0.b2.jar:/usr/java/j2sdk1.4.2_09/jre/lib/rt.jar:/usr/java/j2sdk1.4.2_09/jre/lib/i18n.jar:/usr/java/j2sdk1.4.2_09/jre/lib/sunrsasign.jar:/usr/java/j2sdk1.4.2_09/jre/lib/jsse.jar:/usr/java/j2sdk1.4.2_09/jre/lib/jce.jar:/usr/java/j2sdk1.4.2_09/jre/lib/charsets.jar:/usr/java/j2sdk1.4.2_09/jre/classes], tools.jar=org.apache.commons.jelly.expression.ConstantExpression@1d59d3c[value=/usr/java/j2sdk1.4.2_09/lib/tools.jar], sun.java2d.fontpath=org.apache.commons.jelly.expression.ConstantExpression@145e5a6[value=], java.vm.specification.vendor=org.apache.commons.jelly.expression.ConstantExpression@1e80761[value=Sun Microsystems Inc.], maven.distBuildDirectory=org.apache.commons.jelly.expression.CompositeExpression@157b46f[expressions=[org.apache.commons.jelly.expression.jexl.JexlExpressionFactory$ExpressionSupportLocal@1071c84[expression:basedir], org.apache.commons.jelly.expression.ConstantExpression@1e152f4[value=/target]]], java.runtime.version=org.apache.commons.jelly.expression.ConstantExpression@3c9314[value=1.4.2_09-b05], maven.repo.remote.enabled=org.apache.commons.jelly.expression.ConstantExpression@17dc1cb[value=true], systemScope={java.runtime.name=Java(TM) 2 Runtime Environment, Standard Edition, sun.boot.library.path=/usr/java/j2sdk1.4.2_09/jre/lib/i386, java.vm.version=1.4.2_09-b05, java.vm.vendor=Sun Microsystems Inc., java.vendor.url=http://java.sun.com/, path.separator=:, java.vm.name=Java HotSpot(TM) Client VM, file.encoding.pkg=sun.io, user.country=US, sun.os.patch.level=unknown, java.vm.specification.name=Java Virtual Machine Specification, user.dir=/data/devel/geoserver-spike/geoserver-2.0, java.runtime.version=1.4.2_09-b05, forehead.conf.file=/usr/java/maven-1.0.2/bin/forehead.conf, java.awt.graphicsenv=sun.awt.X11GraphicsEnvironment, java.endorsed.dirs=/usr/java/j2sdk1.4.2_09/lib/endorsed:/usr/java/maven-1.0.2/lib/endorsed, os.arch=i386, java.io.tmpdir=/tmp, line.separator=
, java.vm.specification.vendor=Sun Microsystems Inc., os.name=Linux, sun.java2d.fontpath=, tools.jar=/usr/java/j2sdk1.4.2_09/lib/tools.jar, javax.xml.parsers.SAXParserFactory=org.apache.xerces.jaxp.SAXParserFactoryImpl, java.library.path=/usr/java/j2sdk1.4.2_09/jre/lib/i386/client:/usr/java/j2sdk1.4.2_09/jre/lib/i386:/usr/java/j2sdk1.4.2_09/jre/../lib/i386, java.specification.name=Java Platform API Specification, java.class.version=48.0, java.util.prefs.PreferencesFactory=java.util.prefs.FileSystemPreferencesFactory, os.version=2.6.11-1.1369_FC4, user.home=/home/jdeolive, user.timezone=America/Vancouver, java.awt.printerjob=sun.print.PSPrinterJob, file.encoding=UTF-8, java.specification.version=1.4, java.class.path=/usr/java/maven-1.0.2/lib/forehead-1.0-beta-5.jar, user.name=jdeolive, java.vm.specification.version=1.0, java.home=/usr/java/j2sdk1.4.2_09/jre, sun.arch.data.model=32, user.language=en, java.specification.vendor=Sun Microsystems Inc., java.vm.info=mixed mode, java.version=1.4.2_09, java.ext.dirs=/usr/java/j2sdk1.4.2_09/jre/lib/ext, sun.boot.class.path=/usr/java/maven-1.0.2/lib/endorsed/xerces-2.4.0.jar:/usr/java/maven-1.0.2/lib/endorsed/xml-apis-1.0.b2.jar:/usr/java/j2sdk1.4.2_09/jre/lib/rt.jar:/usr/java/j2sdk1.4.2_09/jre/lib/i18n.jar:/usr/java/j2sdk1.4.2_09/jre/lib/sunrsasign.jar:/usr/java/j2sdk1.4.2_09/jre/lib/jsse.jar:/usr/java/j2sdk1.4.2_09/jre/lib/jce.jar:/usr/java/j2sdk1.4.2_09/jre/lib/charsets.jar:/usr/java/j2sdk1.4.2_09/jre/classes, javax.xml.parsers.DocumentBuilderFactory=org.apache.xerces.jaxp.DocumentBuilderFactoryImpl, java.vendor=Sun Microsystems Inc., maven.home=/usr/java/maven-1.0.2, file.separator=/, java.vendor.url.bug=http://java.sun.com/cgi-bin/bugreport.cgi, sun.io.unicode.encoding=UnicodeLittle, sun.cpu.endian=little, sun.cpu.isalist=}, user.name=org.apache.commons.jelly.expression.ConstantExpression@dc3b82[value=jdeolive], maven.compile.debug=org.apache.commons.jelly.expression.ConstantExpression@11410e5[value=on], maven.repo.local=org.apache.commons.jelly.expression.CompositeExpression@61373f[expressions=[org.apache.commons.jelly.expression.jexl.JexlExpressionFactory$ExpressionSupportLocal@7244ca[expression:maven.home.local], org.apache.commons.jelly.expression.ConstantExpression@23756[value=/repository]]], maven.defaults.loaded=org.apache.commons.jelly.expression.ConstantExpression@c7057c[value=true], javax.xml.parsers.SAXParserFactory=org.apache.commons.jelly.expression.ConstantExpression@391da0[value=org.apache.xerces.jaxp.SAXParserFactoryImpl], maven.docs.omitXmlDeclaration=org.apache.commons.jelly.expression.ConstantExpression@ebf068[value=false], user.language=org.apache.commons.jelly.expression.ConstantExpression@1c7f37d[value=en], sun.boot.library.path=org.apache.commons.jelly.expression.ConstantExpression@42a6eb[value=/usr/java/j2sdk1.4.2_09/jre/lib/i386], maven.war.src=org.apache.commons.jelly.expression.CompositeExpression@1c297a3[expressions=[org.apache.commons.jelly.expression.jexl.JexlExpressionFactory$ExpressionSupportLocal@717323[expression:basedir], org.apache.commons.jelly.expression.ConstantExpression@3e1bc8[value=/web]]], maven.build.dest=org.apache.commons.jelly.expression.CompositeExpression@191f801[expressions=[org.apache.commons.jelly.expression.jexl.JexlExpressionFactory$ExpressionSupportLocal@313170[expression:maven.build.dir], org.apache.commons.jelly.expression.ConstantExpression@1a4c5b4[value=/classes]]], maven.plugin.user.dir=org.apache.commons.jelly.expression.CompositeExpression@afae4a[expressions=[org.apache.commons.jelly.expression.jexl.JexlExpressionFactory$ExpressionSupportLocal@1db9852[expression:maven.home.local], org.apache.commons.jelly.expression.ConstantExpression@1ed5459[value=/plugins]]], java.version=org.apache.commons.jelly.expression.ConstantExpression@1dcc4cd[value=1.4.2_09], user.timezone=org.apache.commons.jelly.expression.ConstantExpression@fc8e75[value=America/Vancouver], parentScope={maven.session=org.apache.maven.MavenSession@bf053f, java.vendor=org.apache.commons.jelly.expression.ConstantExpression@1f54c5f[value=Sun Microsystems Inc.], os.name=org.apache.commons.jelly.expression.ConstantExpression@16917ee[value=Linux], sun.boot.class.path=org.apache.commons.jelly.expression.ConstantExpression@a23610[value=/usr/java/maven-1.0.2/lib/endorsed/xerces-2.4.0.jar:/usr/java/maven-1.0.2/lib/endorsed/xml-apis-1.0.b2.jar:/usr/java/j2sdk1.4.2_09/jre/lib/rt.jar:/usr/java/j2sdk1.4.2_09/jre/lib/i18n.jar:/usr/java/j2sdk1.4.2_09/jre/lib/sunrsasign.jar:/usr/java/j2sdk1.4.2_09/jre/lib/jsse.jar:/usr/java/j2sdk1.4.2_09/jre/lib/jce.jar:/usr/java/j2sdk1.4.2_09/jre/lib/charsets.jar:/usr/java/j2sdk1.4.2_09/jre/classes], maven.distBuildDirectory=org.apache.commons.jelly.expression.CompositeExpression@18b8914[expressions=[org.apache.commons.jelly.expression.jexl.JexlExpressionFactory$ExpressionSupportLocal@1d49247[expression:basedir], org.apache.commons.jelly.expression.ConstantExpression@cf829d[value=/target]]], tools.jar=org.apache.commons.jelly.expression.ConstantExpression@1884a40[value=/usr/java/j2sdk1.4.2_09/lib/tools.jar], sun.java2d.fontpath=org.apache.commons.jelly.expression.ConstantExpression@c2ee15[value=], java.vm.specification.vendor=org.apache.commons.jelly.expression.ConstantExpression@19cd75a[value=Sun Microsystems Inc.], java.runtime.version=org.apache.commons.jelly.expression.ConstantExpression@1fe8ce8[value=1.4.2_09-b05], maven.repo.remote.enabled=org.apache.commons.jelly.expression.ConstantExpression@d4d66b[value=true], systemScope={java.runtime.name=Java(TM) 2 Runtime Environment, Standard Edition, sun.boot.library.path=/usr/java/j2sdk1.4.2_09/jre/lib/i386, java.vm.version=1.4.2_09-b05, java.vm.vendor=Sun Microsystems Inc., java.vendor.url=http://java.sun.com/, path.separator=:, java.vm.name=Java HotSpot(TM) Client VM, file.encoding.pkg=sun.io, user.country=US, sun.os.patch.level=unknown, java.vm.specification.name=Java Virtual Machine Specification, user.dir=/data/devel/geoserver-spike/geoserver-2.0, java.runtime.version=1.4.2_09-b05, forehead.conf.file=/usr/java/maven-1.0.2/bin/forehead.conf, java.awt.graphicsenv=sun.awt.X11GraphicsEnvironment, java.endorsed.dirs=/usr/java/j2sdk1.4.2_09/lib/endorsed:/usr/java/maven-1.0.2/lib/endorsed, os.arch=i386, java.io.tmpdir=/tmp, line.separator=
, java.vm.specification.vendor=Sun Microsystems Inc., os.name=Linux, sun.java2d.fontpath=, tools.jar=/usr/java/j2sdk1.4.2_09/lib/tools.jar, javax.xml.parsers.SAXParserFactory=org.apache.xerces.jaxp.SAXParserFactoryImpl, java.library.path=/usr/java/j2sdk1.4.2_09/jre/lib/i386/client:/usr/java/j2sdk1.4.2_09/jre/lib/i386:/usr/java/j2sdk1.4.2_09/jre/../lib/i386, java.specification.name=Java Platform API Specification, java.class.version=48.0, java.util.prefs.PreferencesFactory=java.util.prefs.FileSystemPreferencesFactory, os.version=2.6.11-1.1369_FC4, user.home=/home/jdeolive, user.timezone=America/Vancouver, java.awt.printerjob=sun.print.PSPrinterJob, file.encoding=UTF-8, java.specification.version=1.4, java.class.path=/usr/java/maven-1.0.2/lib/forehead-1.0-beta-5.jar, user.name=jdeolive, java.vm.specification.version=1.0, java.home=/usr/java/j2sdk1.4.2_09/jre, sun.arch.data.model=32, user.language=en, java.specification.vendor=Sun Microsystems Inc., java.vm.info=mixed mode, java.version=1.4.2_09, java.ext.dirs=/usr/java/j2sdk1.4.2_09/jre/lib/ext, sun.boot.class.path=/usr/java/maven-1.0.2/lib/endorsed/xerces-2.4.0.jar:/usr/java/maven-1.0.2/lib/endorsed/xml-apis-1.0.b2.jar:/usr/java/j2sdk1.4.2_09/jre/lib/rt.jar:/usr/java/j2sdk1.4.2_09/jre/lib/i18n.jar:/usr/java/j2sdk1.4.2_09/jre/lib/sunrsasign.jar:/usr/java/j2sdk1.4.2_09/jre/lib/jsse.jar:/usr/java/j2sdk1.4.2_09/jre/lib/jce.jar:/usr/java/j2sdk1.4.2_09/jre/lib/charsets.jar:/usr/java/j2sdk1.4.2_09/jre/classes, javax.xml.parsers.DocumentBuilderFactory=org.apache.xerces.jaxp.DocumentBuilderFactoryImpl, java.vendor=Sun Microsystems Inc., maven.home=/usr/java/maven-1.0.2, file.separator=/, java.vendor.url.bug=http://java.sun.com/cgi-bin/bugreport.cgi, sun.io.unicode.encoding=UnicodeLittle, sun.cpu.endian=little, sun.cpu.isalist=}, user.name=org.apache.commons.jelly.expression.ConstantExpression@149105b[value=jdeolive], maven.debugOn=false, maven.compile.debug=org.apache.commons.jelly.expression.ConstantExpression@1d0d45b[value=on], maven.repo.local=org.apache.commons.jelly.expression.CompositeExpression@125d06e[expressions=[org.apache.commons.jelly.expression.jexl.JexlExpressionFactory$ExpressionSupportLocal@196f4b5[expression:maven.home.local], org.apache.commons.jelly.expression.ConstantExpression@19ba640[value=/repository]]], maven.defaults.loaded=org.apache.commons.jelly.expression.ConstantExpression@1bfc4fc[value=true], javax.xml.parsers.SAXParserFactory=org.apache.commons.jelly.expression.ConstantExpression@11db6bb[value=org.apache.xerces.jaxp.SAXParserFactoryImpl], maven.docs.omitXmlDeclaration=org.apache.commons.jelly.expression.ConstantExpression@1c7e2da[value=false], user.language=org.apache.commons.jelly.expression.ConstantExpression@1fe571f[value=en], sun.boot.library.path=org.apache.commons.jelly.expression.ConstantExpression@109ea96[value=/usr/java/j2sdk1.4.2_09/jre/lib/i386], maven.war.src=org.apache.commons.jelly.expression.CompositeExpression@83b1b[expressions=[org.apache.commons.jelly.expression.jexl.JexlExpressionFactory$ExpressionSupportLocal@608760[expression:basedir], org.apache.commons.jelly.expression.ConstantExpression@157ea4a[value=/web]]], maven.build.dest=org.apache.commons.jelly.expression.CompositeExpression@d6b059[expressions=[org.apache.commons.jelly.expression.jexl.JexlExpressionFactory$ExpressionSupportLocal@d3c65d[expression:maven.build.dir], org.apache.commons.jelly.expression.ConstantExpression@1843a75[value=/classes]]], maven.xmlOutput=org.apache.commons.jelly.XMLOutput$1@f1916f[contentHandler=org.dom4j.io.XMLWriter@18330bf;lexicalHandler=org.dom4j.io.XMLWriter@18330bf], maven.plugin.user.dir=org.apache.commons.jelly.expression.CompositeExpression@1a1399[expressions=[org.apache.commons.jelly.expression.jexl.JexlExpressionFactory$ExpressionSupportLocal@1fcc0a2[expression:maven.home.local], org.apache.commons.jelly.expression.ConstantExpression@caf6c1[value=/plugins]]], java.version=org.apache.commons.jelly.expression.ConstantExpression@10e35d5[value=1.4.2_09], user.timezone=org.apache.commons.jelly.expression.ConstantExpression@1f03691[value=], sun.arch.data.model=org.apache.commons.jelly.expression.ConstantExpression@18e8541[value=32], java.endorsed.dirs=org.apache.commons.jelly.expression.ConstantExpression@1ce85c4[value=/usr/java/j2sdk1.4.2_09/lib/endorsed:/usr/java/maven-1.0.2/lib/endorsed], sun.cpu.isalist=org.apache.commons.jelly.expression.ConstantExpression@1b03c1a[value=], maven.property.inheritance=org.apache.commons.jelly.expression.ConstantExpression@139e351[value=true], file.encoding.pkg=org.apache.commons.jelly.expression.ConstantExpression@17aece8[value=sun.io], file.separator=org.apache.commons.jelly.expression.ConstantExpression@1578aab[value=/], java.specification.name=org.apache.commons.jelly.expression.ConstantExpression@51127a[value=Java Platform API Specification], maven.src.dir=org.apache.commons.jelly.expression.CompositeExpression@94257f[expressions=[org.apache.commons.jelly.expression.jexl.JexlExpressionFactory$ExpressionSupportLocal@29c58e[expression:basedir], org.apache.commons.jelly.expression.ConstantExpression@691dee[value=/src]]], java.class.version=org.apache.commons.jelly.expression.ConstantExpression@12bf892[value=48.0], user.country=org.apache.commons.jelly.expression.ConstantExpression@1cc5069[value=US], java.home=org.apache.commons.jelly.expression.ConstantExpression@b32ed4[value=/usr/java/j2sdk1.4.2_09/jre], javax.xml.parsers.DocumentBuilderFactory=org.apache.commons.jelly.expression.ConstantExpression@1c7980c[value=org.apache.xerces.jaxp.DocumentBuilderFactoryImpl], forehead.conf.file=org.apache.commons.jelly.expression.ConstantExpression@cf710e[value=/usr/java/maven-1.0.2/bin/forehead.conf], java.vm.info=org.apache.commons.jelly.expression.ConstantExpression@1077fc9[value=mixed mode], os.version=org.apache.commons.jelly.expression.ConstantExpression@1568fb5[value=2.6.11-1.1369_FC4], maven.conf.dir=org.apache.commons.jelly.expression.CompositeExpression@1f4bcf7[expressions=[org.apache.commons.jelly.expression.jexl.JexlExpressionFactory$ExpressionSupportLocal@a2220f[expression:basedir], org.apache.commons.jelly.expression.ConstantExpression@6a3960[value=/conf]]], path.separator=org.apache.commons.jelly.expression.ConstantExpression@1dccedd[value=:], java.vm.version=org.apache.commons.jelly.expression.ConstantExpression@1911540[value=1.4.2_09-b05], maven.build.dir=org.apache.commons.jelly.expression.CompositeExpression@a4488[expressions=[org.apache.commons.jelly.expression.jexl.JexlExpressionFactory$ExpressionSupportLocal@19762f[expression:basedir], org.apache.commons.jelly.expression.ConstantExpression@19e215b[value=/target]]], java.util.prefs.PreferencesFactory=org.apache.commons.jelly.expression.ConstantExpression@9ff0a8[value=java.util.prefs.FileSystemPreferencesFactory], maven.ssh.executable=org.apache.commons.jelly.expression.ConstantExpression@70be88[value=ssh], maven.emacsModeOn=false, java.awt.printerjob=org.apache.commons.jelly.expression.ConstantExpression@1ecfe07[value=sun.print.PSPrinterJob], sun.io.unicode.encoding=org.apache.commons.jelly.expression.ConstantExpression@199939[value=UnicodeLittle], maven.compile.optimize=org.apache.commons.jelly.expression.ConstantExpression@9a9b65[value=off], user.home=org.apache.commons.jelly.expression.ConstantExpression@502819[value=/home/jdeolive], java.specification.vendor=org.apache.commons.jelly.expression.ConstantExpression@78aa80[value=Sun Microsystems Inc.], maven.multiproject.includes=org.apache.commons.jelly.expression.ConstantExpression@1d98a[value=*/project.xml], maven.final.dir=org.apache.commons.jelly.expression.CompositeExpression@1712651[expressions=[org.apache.commons.jelly.expression.jexl.JexlExpressionFactory$ExpressionSupportLocal@18aab40[expression:basedir], org.apache.commons.jelly.expression.ConstantExpression@f102d3[value=/], org.apache.commons.jelly.expression.jexl.JexlExpressionFactory$ExpressionSupportLocal@f07355[expression:maven.final.name]]], maven.build.src=org.apache.commons.jelly.expression.CompositeExpression@23f1bb[expressions=[org.apache.commons.jelly.expression.jexl.JexlExpressionFactory$ExpressionSupportLocal@1d33a6b[expression:maven.build.dir], org.apache.commons.jelly.expression.ConstantExpression@a0864f[value=/src]]], maven.build=org.apache.commons.jelly.expression.ConstantExpression@d1e233[value=MAVEN_BUILD_NOT_SET], java.library.path=org.apache.commons.jelly.expression.ConstantExpression@15983b7[value=/usr/java/j2sdk1.4.2_09/jre/lib/i386/client:/usr/java/j2sdk1.4.2_09/jre/lib/i386:/usr/java/j2sdk1.4.2_09/jre/../lib/i386], java.vendor.url=org.apache.commons.jelly.expression.ConstantExpression@1d6747b[value=http://java.sun.com/], java.vm.vendor=org.apache.commons.jelly.expression.ConstantExpression@7976c1[value=Sun Microsystems Inc.], maven.username=org.apache.commons.jelly.expression.ConstantExpression@6397eb[value=USERNAME_NOT_SET], maven.home=org.apache.commons.jelly.expression.ConstantExpression@8aeb74[value=/usr/java/maven-1.0.2], java.runtime.name=org.apache.commons.jelly.expression.ConstantExpression@6835fb[value=Java(TM) 2 Runtime Environment, Standard Edition], java.class.path=org.apache.commons.jelly.expression.ConstantExpression@1b01afa[value=/usr/java/maven-1.0.2/lib/forehead-1.0-beta-5.jar], maven.remote.group=org.apache.commons.jelly.expression.ConstantExpression@bb494b[value=maven], maven.gen.docs=org.apache.commons.jelly.expression.CompositeExpression@1c8efd1[expressions=[org.apache.commons.jelly.expression.jexl.JexlExpressionFactory$ExpressionSupportLocal@f892a4[expression:maven.build.dir], org.apache.commons.jelly.expression.ConstantExpression@1636e4e[value=/generated-xdocs]]], context=org.apache.maven.jelly.MavenJellyContext@df0438, maven.distDirectory=org.apache.commons.jelly.expression.CompositeExpression@18e261d[expressions=[org.apache.commons.jelly.expression.jexl.JexlExpressionFactory$ExpressionSupportLocal@1684706[expression:basedir], org.apache.commons.jelly.expression.ConstantExpression@10efd7c[value=/dist]]], maven.docs.dest=org.apache.commons.jelly.expression.CompositeExpression@12412e7[expressions=[org.apache.commons.jelly.expression.jexl.JexlExpressionFactory$ExpressionSupportLocal@1552b76[expression:maven.build.dir], org.apache.commons.jelly.expression.ConstantExpression@988707[value=/docs]]], java.vm.specification.name=org.apache.commons.jelly.expression.ConstantExpression@1c8ef56[value=Java Virtual Machine Specification], maven.compile.deprecation=org.apache.commons.jelly.expression.ConstantExpression@d90453[value=off], maven.docs.outputencoding=org.apache.commons.jelly.expression.ConstantExpression@1ab11b0[value=ISO-8859-1], java.vm.specification.version=org.apache.commons.jelly.expression.ConstantExpression@165b7e[value=1.0], sun.cpu.endian=org.apache.commons.jelly.expression.ConstantExpression@1d0d124[value=little], sun.os.patch.level=org.apache.commons.jelly.expression.ConstantExpression@52c6b4[value=unknown], maven.plugin.unpacked.dir=org.apache.commons.jelly.expression.CompositeExpression@738d08[expressions=[org.apache.commons.jelly.expression.jexl.JexlExpressionFactory$ExpressionSupportLocal@302e67[expression:maven.home.local], org.apache.commons.jelly.expression.ConstantExpression@136a1a1[value=/cache]]], java.io.tmpdir=org.apache.commons.jelly.expression.ConstantExpression@1ad6b4b[value=/tmp], maven.scp.executable=org.apache.commons.jelly.expression.ConstantExpression@5f2db0[value=scp], java.vendor.url.bug=org.apache.commons.jelly.expression.ConstantExpression@b0a3f5[value=http://java.sun.com/cgi-bin/bugreport.cgi], maven.final.name=org.apache.commons.jelly.expression.CompositeExpression@dc41c5[expressions=[org.apache.commons.jelly.expression.jexl.JexlExpressionFactory$ExpressionSupportLocal@6214f5[expression:pom.artifactId], org.apache.commons.jelly.expression.ConstantExpression@14e113b[value=-], org.apache.commons.jelly.expression.jexl.JexlExpressionFactory$ExpressionSupportLocal@4d76b4[expression:pom.currentVersion]]], maven.distBuildIndicator=org.apache.commons.jelly.expression.ConstantExpression@1ac5f13[value=DIST_BUILD_DIRECTORY], os.arch=org.apache.commons.jelly.expression.ConstantExpression@195dd5b[value=i386], java.awt.graphicsenv=org.apache.commons.jelly.expression.ConstantExpression@1f78b68[value=sun.awt.X11GraphicsEnvironment], java.ext.dirs=org.apache.commons.jelly.expression.ConstantExpression@e183e9[value=/usr/java/j2sdk1.4.2_09/jre/lib/ext], user.dir=org.apache.commons.jelly.expression.ConstantExpression@19b46dc[value=/data/devel/geoserver-spike/geoserver-2.0], maven.docs.src=org.apache.commons.jelly.expression.CompositeExpression@1493102[expressions=[org.apache.commons.jelly.expression.jexl.JexlExpressionFactory$ExpressionSupportLocal@30ae41[expression:basedir], org.apache.commons.jelly.expression.ConstantExpression@4204[value=/xdocs]]], line.separator=org.apache.commons.jelly.expression.ConstantExpression@ee1ede[value=
], java.vm.name=org.apache.commons.jelly.expression.ConstantExpression@12c8fa8[value=Java HotSpot(TM) Client VM], basedir=/data/devel/geoserver-spike/geoserver-2.0, maven.plugin.dir=org.apache.commons.jelly.expression.CompositeExpression@8b8a47[expressions=[org.apache.commons.jelly.expression.jexl.JexlExpressionFactory$ExpressionSupportLocal@1236cd5[expression:maven.home], org.apache.commons.jelly.expression.ConstantExpression@be49e0[value=/plugins]]], file.encoding=org.apache.commons.jelly.expression.ConstantExpression@e41bc3[value=UTF-8], maven.application.version=org.apache.commons.jelly.expression.ConstantExpression@1dacccc[value=1.0.2], maven.repo.remote=org.apache.commons.jelly.expression.ConstantExpression@1bb9a58[value=http://www.ibiblio.org/maven], maven.mode.online=org.apache.commons.jelly.expression.ConstantExpression@1922f46[value=true], java.specification.version=org.apache.commons.jelly.expression.ConstantExpression@5dc994[value=1.4], maven.home.local=org.apache.commons.jelly.expression.CompositeExpression@15d3388[expressions=[org.apache.commons.jelly.expression.jexl.JexlExpressionFactory$ExpressionSupportLocal@1e2670b[expression:user.home], org.apache.commons.jelly.expression.ConstantExpression@db23f1[value=/.maven]]]}, sun.arch.data.model=org.apache.commons.jelly.expression.ConstantExpression@ecd92c[value=32], java.endorsed.dirs=org.apache.commons.jelly.expression.ConstantExpression@1a5e68a[value=/usr/java/j2sdk1.4.2_09/lib/endorsed:/usr/java/maven-1.0.2/lib/endorsed], sun.cpu.isalist=org.apache.commons.jelly.expression.ConstantExpression@c26ede[value=], maven.property.inheritance=org.apache.commons.jelly.expression.ConstantExpression@c16b18[value=true], file.encoding.pkg=org.apache.commons.jelly.expression.ConstantExpression@fccada[value=sun.io], file.separator=org.apache.commons.jelly.expression.ConstantExpression@69ed4a[value=/], java.specification.name=org.apache.commons.jelly.expression.ConstantExpression@59cbda[value=Java Platform API Specification], maven.src.dir=org.apache.commons.jelly.expression.CompositeExpression@16de067[expressions=[org.apache.commons.jelly.expression.jexl.JexlExpressionFactory$ExpressionSupportLocal@a7c45e[expression:basedir], org.apache.commons.jelly.expression.ConstantExpression@4d2af2[value=/src]]], java.class.version=org.apache.commons.jelly.expression.ConstantExpression@1567e6c[value=48.0], user.country=org.apache.commons.jelly.expression.ConstantExpression@18600d6[value=US], java.home=org.apache.commons.jelly.expression.ConstantExpression@a0e990[value=/usr/java/j2sdk1.4.2_09/jre], javax.xml.parsers.DocumentBuilderFactory=org.apache.commons.jelly.expression.ConstantExpression@4600c0[value=org.apache.xerces.jaxp.DocumentBuilderFactoryImpl], forehead.conf.file=org.apache.commons.jelly.expression.ConstantExpression@1db4492[value=/usr/java/maven-1.0.2/bin/forehead.conf], java.vm.info=org.apache.commons.jelly.expression.ConstantExpression@72d873[value=mixed mode], os.version=org.apache.commons.jelly.expression.ConstantExpression@1e09eab[value=2.6.11-1.1369_FC4], maven.conf.dir=org.apache.commons.jelly.expression.CompositeExpression@8f9a32[expressions=[org.apache.commons.jelly.expression.jexl.JexlExpressionFactory$ExpressionSupportLocal@1d47b2b[expression:basedir], org.apache.commons.jelly.expression.ConstantExpression@e265d0[value=/conf]]], path.separator=org.apache.commons.jelly.expression.ConstantExpression@1d1082f[value=:], java.vm.version=org.apache.commons.jelly.expression.ConstantExpression@705d28[value=1.4.2_09-b05], maven.build.dir=org.apache.commons.jelly.expression.CompositeExpression@3a9d95[expressions=[org.apache.commons.jelly.expression.jexl.JexlExpressionFactory$ExpressionSupportLocal@3fbbfc[expression:basedir], org.apache.commons.jelly.expression.ConstantExpression@4ed904[value=/target]]], java.util.prefs.PreferencesFactory=org.apache.commons.jelly.expression.ConstantExpression@f429d7[value=java.util.prefs.FileSystemPreferencesFactory], maven.ssh.executable=org.apache.commons.jelly.expression.ConstantExpression@14e45b3[value=ssh], java.awt.printerjob=org.apache.commons.jelly.expression.ConstantExpression@1e708b2[value=sun.print.PSPrinterJob], sun.io.unicode.encoding=org.apache.commons.jelly.expression.ConstantExpression@ec115b[value=UnicodeLittle], maven.compile.optimize=org.apache.commons.jelly.expression.ConstantExpression@13b9fae[value=off], user.home=org.apache.commons.jelly.expression.ConstantExpression@6798eb[value=/home/jdeolive], java.specification.vendor=org.apache.commons.jelly.expression.ConstantExpression@168989e[value=Sun Microsystems Inc.], maven.multiproject.includes=org.apache.commons.jelly.expression.ConstantExpression@15d252d[value=*/project.xml], maven.final.dir=org.apache.commons.jelly.expression.CompositeExpression@1fbc355[expressions=[org.apache.commons.jelly.expression.jexl.JexlExpressionFactory$ExpressionSupportLocal@1d532ae[expression:basedir], org.apache.commons.jelly.expression.ConstantExpression@1f2428d[value=/], org.apache.commons.jelly.expression.jexl.JexlExpressionFactory$ExpressionSupportLocal@1ef3d1b[expression:maven.final.name]]], maven.build=org.apache.commons.jelly.expression.ConstantExpression@fa39d7[value=MAVEN_BUILD_NOT_SET], maven.build.src=org.apache.commons.jelly.expression.CompositeExpression@6963d0[expressions=[org.apache.commons.jelly.expression.jexl.JexlExpressionFactory$ExpressionSupportLocal@118223d[expression:maven.build.dir], org.apache.commons.jelly.expression.ConstantExpression@1700391[value=/src]]], java.library.path=org.apache.commons.jelly.expression.ConstantExpression@194df96[value=/usr/java/j2sdk1.4.2_09/jre/lib/i386/client:/usr/java/j2sdk1.4.2_09/jre/lib/i386:/usr/java/j2sdk1.4.2_09/jre/../lib/i386], java.vendor.url=org.apache.commons.jelly.expression.ConstantExpression@e2fbeb[value=http://java.sun.com/], java.vm.vendor=org.apache.commons.jelly.expression.ConstantExpression@932fe[value=Sun Microsystems Inc.], maven.username=org.apache.commons.jelly.expression.ConstantExpression@4310d0[value=USERNAME_NOT_SET], maven.home=org.apache.commons.jelly.expression.ConstantExpression@1f2edd2[value=/usr/java/maven-1.0.2], java.runtime.name=org.apache.commons.jelly.expression.ConstantExpression@1dbb27d[value=Java(TM) 2 Runtime Environment, Standard Edition], java.class.path=org.apache.commons.jelly.expression.ConstantExpression@a33ce2[value=/usr/java/maven-1.0.2/lib/forehead-1.0-beta-5.jar], maven.remote.group=org.apache.commons.jelly.expression.ConstantExpression@1c18a4c[value=maven], maven.gen.docs=org.apache.commons.jelly.expression.CompositeExpression@15e92d7[expressions=[org.apache.commons.jelly.expression.jexl.JexlExpressionFactory$ExpressionSupportLocal@1fa681c[expression:maven.build.dir], org.apache.commons.jelly.expression.ConstantExpression@c92507[value=/generated-xdocs]]], context=org.apache.maven.jelly.MavenJellyContext@f221f6, maven.distDirectory=org.apache.commons.jelly.expression.CompositeExpression@8aeed0[expressions=[org.apache.commons.jelly.expression.jexl.JexlExpressionFactory$ExpressionSupportLocal@144b18f[expression:basedir], org.apache.commons.jelly.expression.ConstantExpression@e5355f[value=/dist]]], maven.docs.dest=org.apache.commons.jelly.expression.CompositeExpression@132ae7[expressions=[org.apache.commons.jelly.expression.jexl.JexlExpressionFactory$ExpressionSupportLocal@65b738[expression:maven.build.dir], org.apache.commons.jelly.expression.ConstantExpression@1dfd868[value=/docs]]], maven.compile.deprecation=org.apache.commons.jelly.expression.ConstantExpression@1f1680f[value=off], java.vm.specification.name=org.apache.commons.jelly.expression.ConstantExpression@93c4f1[value=Java Virtual Machine Specification], maven.docs.outputencoding=org.apache.commons.jelly.expression.ConstantExpression@1e6e305[value=ISO-8859-1], java.vm.specification.version=org.apache.commons.jelly.expression.ConstantExpression@166c114[value=1.0], sun.cpu.endian=org.apache.commons.jelly.expression.ConstantExpression@10e1513[value=little], sun.os.patch.level=org.apache.commons.jelly.expression.ConstantExpression@189a773[value=unknown], maven.plugin.unpacked.dir=org.apache.commons.jelly.expression.CompositeExpression@106daba[expressions=[org.apache.commons.jelly.expression.jexl.JexlExpressionFactory$ExpressionSupportLocal@1021f34[expression:maven.home.local], org.apache.commons.jelly.expression.ConstantExpression@4eb043[value=/cache]]], java.io.tmpdir=org.apache.commons.jelly.expression.ConstantExpression@509df8[value=/tmp], maven.scp.executable=org.apache.commons.jelly.expression.ConstantExpression@10e434d[value=scp], java.vendor.url.bug=org.apache.commons.jelly.expression.ConstantExpression@b31a7c[value=http://java.sun.com/cgi-bin/bugreport.cgi], maven.final.name=org.apache.commons.jelly.expression.CompositeExpression@8fcc7b[expressions=[org.apache.commons.jelly.expression.jexl.JexlExpressionFactory$ExpressionSupportLocal@b9b618[expression:pom.artifactId], org.apache.commons.jelly.expression.ConstantExpression@61ec49[value=-], org.apache.commons.jelly.expression.jexl.JexlExpressionFactory$ExpressionSupportLocal@dfc362[expression:pom.currentVersion]]], maven.distBuildIndicator=org.apache.commons.jelly.expression.ConstantExpression@1cda59b[value=DIST_BUILD_DIRECTORY], os.arch=org.apache.commons.jelly.expression.ConstantExpression@948069[value=i386], java.awt.graphicsenv=org.apache.commons.jelly.expression.ConstantExpression@17a7706[value=sun.awt.X11GraphicsEnvironment], java.ext.dirs=org.apache.commons.jelly.expression.ConstantExpression@11c55bb[value=/usr/java/j2sdk1.4.2_09/jre/lib/ext], user.dir=org.apache.commons.jelly.expression.ConstantExpression@1406eb6[value=/data/devel/geoserver-spike/geoserver-2.0], maven.docs.src=org.apache.commons.jelly.expression.CompositeExpression@c06258[expressions=[org.apache.commons.jelly.expression.jexl.JexlExpressionFactory$ExpressionSupportLocal@789869[expression:basedir], org.apache.commons.jelly.expression.ConstantExpression@15e293a[value=/xdocs]]], line.separator=org.apache.commons.jelly.expression.ConstantExpression@1248f2b[value=
], java.vm.name=org.apache.commons.jelly.expression.ConstantExpression@1336006[value=Java HotSpot(TM) Client VM], basedir=/data/devel/geoserver-spike/geoserver-2.0/org.openplans.geoserver.gt, pom=GeoServer Geotools, maven.plugin.dir=org.apache.commons.jelly.expression.CompositeExpression@cffc79[expressions=[org.apache.commons.jelly.expression.jexl.JexlExpressionFactory$ExpressionSupportLocal@c8769b[expression:maven.home], org.apache.commons.jelly.expression.ConstantExpression@e2ecc7[value=/plugins]]], file.encoding=org.apache.commons.jelly.expression.ConstantExpression@1e536d6[value=UTF-8], maven.application.version=org.apache.commons.jelly.expression.ConstantExpression@1735b26[value=1.0.2], maven.repo.remote=org.apache.commons.jelly.expression.ConstantExpression@1584807[value=http://www.ibiblio.org/maven], maven.mode.online=org.apache.commons.jelly.expression.ConstantExpression@e0e515[value=true], java.specification.version=org.apache.commons.jelly.expression.ConstantExpression@651e95[value=1.4], maven.home.local=org.apache.commons.jelly.expression.CompositeExpression@9abc69[expressions=[org.apache.commons.jelly.expression.jexl.JexlExpressionFactory$ExpressionSupportLocal@c792d4[expression:user.home], org.apache.commons.jelly.expression.ConstantExpression@78dc4c[value=/.maven]]]}, sun.arch.data.model=org.apache.commons.jelly.expression.ConstantExpression@baf589[value=32], java.endorsed.dirs=org.apache.commons.jelly.expression.ConstantExpression@4e21db[value=/usr/java/j2sdk1.4.2_09/lib/endorsed:/usr/java/maven-1.0.2/lib/endorsed], sun.cpu.isalist=org.apache.commons.jelly.expression.ConstantExpression@190b72c[value=], maven.property.inheritance=org.apache.commons.jelly.expression.ConstantExpression@c16b18[value=true], file.encoding.pkg=org.apache.commons.jelly.expression.ConstantExpression@1e9d9b1[value=sun.io], file.separator=org.apache.commons.jelly.expression.ConstantExpression@1d31859[value=/], java.specification.name=org.apache.commons.jelly.expression.ConstantExpression@1e3a0ec[value=Java Platform API Specification], maven.src.dir=org.apache.commons.jelly.expression.CompositeExpression@16de067[expressions=[org.apache.commons.jelly.expression.jexl.JexlExpressionFactory$ExpressionSupportLocal@a7c45e[expression:basedir], org.apache.commons.jelly.expression.ConstantExpression@4d2af2[value=/src]]], java.class.version=org.apache.commons.jelly.expression.ConstantExpression@15a07bf[value=48.0], user.country=org.apache.commons.jelly.expression.ConstantExpression@1b2b131[value=US], java.home=org.apache.commons.jelly.expression.ConstantExpression@8f3d27[value=/usr/java/j2sdk1.4.2_09/jre], javax.xml.parsers.DocumentBuilderFactory=org.apache.commons.jelly.expression.ConstantExpression@1f7cdc7[value=org.apache.xerces.jaxp.DocumentBuilderFactoryImpl], forehead.conf.file=org.apache.commons.jelly.expression.ConstantExpression@1e6f0ef[value=/usr/java/maven-1.0.2/bin/forehead.conf], java.vm.info=org.apache.commons.jelly.expression.ConstantExpression@d402dd[value=mixed mode], os.version=org.apache.commons.jelly.expression.ConstantExpression@1083717[value=2.6.11-1.1369_FC4], maven.conf.dir=org.apache.commons.jelly.expression.CompositeExpression@8f9a32[expressions=[org.apache.commons.jelly.expression.jexl.JexlExpressionFactory$ExpressionSupportLocal@1d47b2b[expression:basedir], org.apache.commons.jelly.expression.ConstantExpression@e265d0[value=/conf]]], path.separator=org.apache.commons.jelly.expression.ConstantExpression@58cca9[value=:], java.vm.version=org.apache.commons.jelly.expression.ConstantExpression@1e4905a[value=1.4.2_09-b05], maven.build.dir=org.apache.commons.jelly.expression.CompositeExpression@3a9d95[expressions=[org.apache.commons.jelly.expression.jexl.JexlExpressionFactory$ExpressionSupportLocal@3fbbfc[expression:basedir], org.apache.commons.jelly.expression.ConstantExpression@4ed904[value=/target]]], java.util.prefs.PreferencesFactory=org.apache.commons.jelly.expression.ConstantExpression@c12474[value=java.util.prefs.FileSystemPreferencesFactory], maven.ssh.executable=org.apache.commons.jelly.expression.ConstantExpression@14e45b3[value=ssh], java.awt.printerjob=org.apache.commons.jelly.expression.ConstantExpression@407166[value=sun.print.PSPrinterJob], sun.io.unicode.encoding=org.apache.commons.jelly.expression.ConstantExpression@d510e8[value=UnicodeLittle], maven.compile.optimize=org.apache.commons.jelly.expression.ConstantExpression@13b9fae[value=off], user.home=org.apache.commons.jelly.expression.ConstantExpression@490342[value=/home/jdeolive], java.specification.vendor=org.apache.commons.jelly.expression.ConstantExpression@1751a9e[value=Sun Microsystems Inc.], maven.multiproject.includes=org.apache.commons.jelly.expression.ConstantExpression@15d252d[value=*/project.xml], maven.final.dir=org.apache.commons.jelly.expression.CompositeExpression@126ba64[expressions=[org.apache.commons.jelly.expression.jexl.JexlExpressionFactory$ExpressionSupportLocal@1971eb3[expression:basedir], org.apache.commons.jelly.expression.ConstantExpression@60b407[value=/], org.apache.commons.jelly.expression.jexl.JexlExpressionFactory$ExpressionSupportLocal@cb754f[expression:maven.final.name]]], maven.build.src=org.apache.commons.jelly.expression.CompositeExpression@6963d0[expressions=[org.apache.commons.jelly.expression.jexl.JexlExpressionFactory$ExpressionSupportLocal@118223d[expression:maven.build.dir], org.apache.commons.jelly.expression.ConstantExpression@1700391[value=/src]]], maven.build=org.apache.commons.jelly.expression.ConstantExpression@fa39d7[value=MAVEN_BUILD_NOT_SET], java.library.path=org.apache.commons.jelly.expression.ConstantExpression@182a033[value=/usr/java/j2sdk1.4.2_09/jre/lib/i386/client:/usr/java/j2sdk1.4.2_09/jre/lib/i386:/usr/java/j2sdk1.4.2_09/jre/../lib/i386], java.vendor.url=org.apache.commons.jelly.expression.ConstantExpression@e391c4[value=http://java.sun.com/], java.vm.vendor=org.apache.commons.jelly.expression.ConstantExpression@76f2e8[value=Sun Microsystems Inc.], maven.username=org.apache.commons.jelly.expression.ConstantExpression@4310d0[value=USERNAME_NOT_SET], maven.home=org.apache.commons.jelly.expression.ConstantExpression@1458dcb[value=/usr/java/maven-1.0.2], java.runtime.name=org.apache.commons.jelly.expression.ConstantExpression@1603522[value=Java(TM) 2 Runtime Environment, Standard Edition], java.class.path=org.apache.commons.jelly.expression.ConstantExpression@1408a75[value=/usr/java/maven-1.0.2/lib/forehead-1.0-beta-5.jar], maven.remote.group=org.apache.commons.jelly.expression.ConstantExpression@1c18a4c[value=maven], maven.gen.docs=org.apache.commons.jelly.expression.CompositeExpression@15e92d7[expressions=[org.apache.commons.jelly.expression.jexl.JexlExpressionFactory$ExpressionSupportLocal@1fa681c[expression:maven.build.dir], org.apache.commons.jelly.expression.ConstantExpression@c92507[value=/generated-xdocs]]], context=org.apache.maven.jelly.MavenJellyContext@423d4f, maven.distDirectory=org.apache.commons.jelly.expression.CompositeExpression@8aeed0[expressions=[org.apache.commons.jelly.expression.jexl.JexlExpressionFactory$ExpressionSupportLocal@144b18f[expression:basedir], org.apache.commons.jelly.expression.ConstantExpression@e5355f[value=/dist]]], maven.docs.dest=org.apache.commons.jelly.expression.CompositeExpression@132ae7[expressions=[org.apache.commons.jelly.expression.jexl.JexlExpressionFactory$ExpressionSupportLocal@65b738[expression:maven.build.dir], org.apache.commons.jelly.expression.ConstantExpression@1dfd868[value=/docs]]], maven.compile.deprecation=org.apache.commons.jelly.expression.ConstantExpression@1f1680f[value=off], java.vm.specification.name=org.apache.commons.jelly.expression.ConstantExpression@c713d2[value=Java Virtual Machine Specification], maven.docs.outputencoding=org.apache.commons.jelly.expression.ConstantExpression@1e6e305[value=ISO-8859-1], java.vm.specification.version=org.apache.commons.jelly.expression.ConstantExpression@1e6696c[value=1.0], sun.cpu.endian=org.apache.commons.jelly.expression.ConstantExpression@135133[value=little], sun.os.patch.level=org.apache.commons.jelly.expression.ConstantExpression@381d92[value=unknown], maven.plugin.unpacked.dir=org.apache.commons.jelly.expression.CompositeExpression@106daba[expressions=[org.apache.commons.jelly.expression.jexl.JexlExpressionFactory$ExpressionSupportLocal@1021f34[expression:maven.home.local], org.apache.commons.jelly.expression.ConstantExpression@4eb043[value=/cache]]], java.io.tmpdir=org.apache.commons.jelly.expression.ConstantExpression@1d8e9e[value=/tmp], maven.scp.executable=org.apache.commons.jelly.expression.ConstantExpression@10e434d[value=scp], java.vendor.url.bug=org.apache.commons.jelly.expression.ConstantExpression@7e5130[value=http://java.sun.com/cgi-bin/bugreport.cgi], maven.final.name=org.apache.commons.jelly.expression.CompositeExpression@1042fcc[expressions=[org.apache.commons.jelly.expression.jexl.JexlExpressionFactory$ExpressionSupportLocal@1de0c09[expression:pom.artifactId], org.apache.commons.jelly.expression.ConstantExpression@e85825[value=-], org.apache.commons.jelly.expression.jexl.JexlExpressionFactory$ExpressionSupportLocal@1f2f70a[expression:pom.currentVersion]]], maven.distBuildIndicator=org.apache.commons.jelly.expression.ConstantExpression@1cda59b[value=DIST_BUILD_DIRECTORY], os.arch=org.apache.commons.jelly.expression.ConstantExpression@38d460[value=i386], java.awt.graphicsenv=org.apache.commons.jelly.expression.ConstantExpression@feecca[value=sun.awt.X11GraphicsEnvironment], java.ext.dirs=org.apache.commons.jelly.expression.ConstantExpression@6bd9e0[value=/usr/java/j2sdk1.4.2_09/jre/lib/ext], user.dir=org.apache.commons.jelly.expression.ConstantExpression@ad339b[value=/data/devel/geoserver-spike/geoserver-2.0], maven.docs.src=org.apache.commons.jelly.expression.CompositeExpression@c06258[expressions=[org.apache.commons.jelly.expression.jexl.JexlExpressionFactory$ExpressionSupportLocal@789869[expression:basedir], org.apache.commons.jelly.expression.ConstantExpression@15e293a[value=/xdocs]]], line.separator=org.apache.commons.jelly.expression.ConstantExpression@11710be[value=
], java.vm.name=org.apache.commons.jelly.expression.ConstantExpression@14c4d61[value=Java HotSpot(TM) Client VM], basedir=/data/devel/geoserver-spike/geoserver-2.0/org.openplans.geoserver.gt.catalog, pom=GeoServer Geotools Catalog, maven.plugin.dir=org.apache.commons.jelly.expression.CompositeExpression@cffc79[expressions=[org.apache.commons.jelly.expression.jexl.JexlExpressionFactory$ExpressionSupportLocal@c8769b[expression:maven.home], org.apache.commons.jelly.expression.ConstantExpression@e2ecc7[value=/plugins]]], file.encoding=org.apache.commons.jelly.expression.ConstantExpression@6c5356[value=UTF-8], maven.application.version=org.apache.commons.jelly.expression.ConstantExpression@1d349e2[value=1.0.2], maven.repo.remote=org.apache.commons.jelly.expression.ConstantExpression@1584807[value=http://www.ibiblio.org/maven], maven.mode.online=org.apache.commons.jelly.expression.ConstantExpression@e0e515[value=true], java.specification.version=org.apache.commons.jelly.expression.ConstantExpression@97d3f0[value=1.4], maven.home.local=org.apache.commons.jelly.expression.CompositeExpression@9abc69[expressions=[org.apache.commons.jelly.expression.jexl.JexlExpressionFactory$ExpressionSupportLocal@c792d4[expression:user.home], org.apache.commons.jelly.expression.ConstantExpression@78dc4c[value=/.maven]]]}"></property>
    <property name="maven.artifact.manifest.template" value="manifest.vm"></property>
    <property name="maven.plugin.dir" value="/usr/java/maven-1.0.2/plugins"></property>
    <property name="org.apache.commons.jelly.werkz.Project" value="[Werkz: goals={license:transfer=[Goal: name=&quot;license:transfer&quot;]; precursor=[[Goal: name=&quot;xdoc:init&quot;]; precursor=[]]]], test:test=[Goal: name=&quot;test:test&quot;]; precursor=[[Goal: name=&quot;test:compile&quot;]; precursor=[[Goal: name=&quot;java:compile&quot;]; precursor=[[Goal: name=&quot;java:prepare-filesystem&quot;]; precursor=[]]]], [Goal: name=&quot;java:jar-resources&quot;]; precursor=[]], [Goal: name=&quot;test:prepare-filesystem&quot;]; precursor=[]], [Goal: name=&quot;test:test-resources&quot;]; precursor=[[Goal: name=&quot;test:prepare-filesystem&quot;]; precursor=[]]]]]]]], xdoc:jelly-init=[Goal: name=&quot;xdoc:jelly-init&quot;]; precursor=[]], pom:deploy=[Goal: name=&quot;pom:deploy&quot;]; precursor=[]], test:single=[Goal: name=&quot;test:single&quot;]; precursor=[[Goal: name=&quot;test:compile&quot;]; precursor=[[Goal: name=&quot;java:compile&quot;]; precursor=[[Goal: name=&quot;java:prepare-filesystem&quot;]; precursor=[]]]], [Goal: name=&quot;java:jar-resources&quot;]; precursor=[]], [Goal: name=&quot;test:prepare-filesystem&quot;]; precursor=[]], [Goal: name=&quot;test:test-resources&quot;]; precursor=[[Goal: name=&quot;test:prepare-filesystem&quot;]; precursor=[]]]]]]]], test:single-test=[Goal: name=&quot;test:single-test&quot;]; precursor=[]], build:end=[Goal: name=&quot;build:end&quot;]; precursor=[]], jar:snapshot=[Goal: name=&quot;jar:snapshot&quot;]; precursor=[]], jar:install=[Goal: name=&quot;jar:install&quot;]; precursor=[[Goal: name=&quot;jar:jar&quot;]; precursor=[[Goal: name=&quot;test:test&quot;]; precursor=[[Goal: name=&quot;test:compile&quot;]; precursor=[[Goal: name=&quot;java:compile&quot;]; precursor=[[Goal: name=&quot;java:prepare-filesystem&quot;]; precursor=[]]]], [Goal: name=&quot;java:jar-resources&quot;]; precursor=[]], [Goal: name=&quot;test:prepare-filesystem&quot;]; precursor=[]], [Goal: name=&quot;test:test-resources&quot;]; precursor=[[Goal: name=&quot;test:prepare-filesystem&quot;]; precursor=[]]]]]]]]]]]], jar:install-snapshot=[Goal: name=&quot;jar:install-snapshot&quot;]; precursor=[[Goal: name=&quot;jar:jar&quot;]; precursor=[[Goal: name=&quot;test:test&quot;]; precursor=[[Goal: name=&quot;test:compile&quot;]; precursor=[[Goal: name=&quot;java:compile&quot;]; precursor=[[Goal: name=&quot;java:prepare-filesystem&quot;]; precursor=[]]]], [Goal: name=&quot;java:jar-resources&quot;]; precursor=[]], [Goal: name=&quot;test:prepare-filesystem&quot;]; precursor=[]], [Goal: name=&quot;test:test-resources&quot;]; precursor=[[Goal: name=&quot;test:prepare-filesystem&quot;]; precursor=[]]]]]]]]]]]], pom:deploy-snapshot=[Goal: name=&quot;pom:deploy-snapshot&quot;]; precursor=[]], xdoc:generate-from-pom=[Goal: name=&quot;xdoc:generate-from-pom&quot;]; precursor=[[Goal: name=&quot;xdoc:init&quot;]; precursor=[]], [Goal: name=&quot;xdoc:register-reports&quot;]; precursor=[]]]], xdoc:init=[Goal: name=&quot;xdoc:init&quot;]; precursor=[]], maven-license-plugin:register=[Goal: name=&quot;maven-license-plugin:register&quot;]; precursor=[]], xdoc:transform=[Goal: name=&quot;xdoc:transform&quot;]; precursor=[[Goal: name=&quot;xdoc:init&quot;]; precursor=[]]]], pom:contentvalidate=[Goal: name=&quot;pom:contentvalidate&quot;]; precursor=[]], test=[Goal: name=&quot;test&quot;]; precursor=[[Goal: name=&quot;test:test&quot;]; precursor=[[Goal: name=&quot;test:compile&quot;]; precursor=[[Goal: name=&quot;java:compile&quot;]; precursor=[[Goal: name=&quot;java:prepare-filesystem&quot;]; precursor=[]]]], [Goal: name=&quot;java:jar-resources&quot;]; precursor=[]], [Goal: name=&quot;test:prepare-filesystem&quot;]; precursor=[]], [Goal: name=&quot;test:test-resources&quot;]; precursor=[[Goal: name=&quot;test:prepare-filesystem&quot;]; precursor=[]]]]]]]]]], xdoc:jelly-transform=[Goal: name=&quot;xdoc:jelly-transform&quot;]; precursor=[[Goal: name=&quot;xdoc:init&quot;]; precursor=[]], [Goal: name=&quot;xdoc:jelly-init&quot;]; precursor=[]], [Goal: name=&quot;xdoc:register-reports&quot;]; precursor=[]]]], eclipseAll=[Goal: name=&quot;eclipseAll&quot;]; precursor=[]], deploy=[Goal: name=&quot;deploy&quot;]; precursor=[]], artifact:load=[Goal: name=&quot;artifact:load&quot;]; precursor=[]], java:compile=[Goal: name=&quot;java:compile&quot;]; precursor=[[Goal: name=&quot;java:prepare-filesystem&quot;]; precursor=[]]]], license=[Goal: name=&quot;license&quot;]; precursor=[[Goal: name=&quot;license:transfer&quot;]; precursor=[[Goal: name=&quot;xdoc:init&quot;]; precursor=[]]]]]], jar:deploy-snapshot=[Goal: name=&quot;jar:deploy-snapshot&quot;]; precursor=[[Goal: name=&quot;jar:jar&quot;]; precursor=[[Goal: name=&quot;test:test&quot;]; precursor=[[Goal: name=&quot;test:compile&quot;]; precursor=[[Goal: name=&quot;java:compile&quot;]; precursor=[[Goal: name=&quot;java:prepare-filesystem&quot;]; precursor=[]]]], [Goal: name=&quot;java:jar-resources&quot;]; precursor=[]], [Goal: name=&quot;test:prepare-filesystem&quot;]; precursor=[]], [Goal: name=&quot;test:test-resources&quot;]; precursor=[[Goal: name=&quot;test:prepare-filesystem&quot;]; precursor=[]]]]]]]]]]]], build:start=[Goal: name=&quot;build:start&quot;]; precursor=[]], test:prepare-filesystem=[Goal: name=&quot;test:prepare-filesystem&quot;]; precursor=[]], maven-license-plugin:report=[Goal: name=&quot;maven-license-plugin:report&quot;]; precursor=[]], clean=[Goal: name=&quot;clean&quot;]; precursor=[[Goal: name=&quot;clean:clean&quot;]; precursor=[]]]], jar:jar=[Goal: name=&quot;jar:jar&quot;]; precursor=[[Goal: name=&quot;test:test&quot;]; precursor=[[Goal: name=&quot;test:compile&quot;]; precursor=[[Goal: name=&quot;java:compile&quot;]; precursor=[[Goal: name=&quot;java:prepare-filesystem&quot;]; precursor=[]]]], [Goal: name=&quot;java:jar-resources&quot;]; precursor=[]], [Goal: name=&quot;test:prepare-filesystem&quot;]; precursor=[]], [Goal: name=&quot;test:test-resources&quot;]; precursor=[[Goal: name=&quot;test:prepare-filesystem&quot;]; precursor=[]]]]]]]]]], pom:install=[Goal: name=&quot;pom:install&quot;]; precursor=[]], xdoc:validate=[Goal: name=&quot;xdoc:validate&quot;]; precursor=[[Goal: name=&quot;pom:taglib&quot;]; precursor=[]]]], xdoc=[Goal: name=&quot;xdoc&quot;]; precursor=[[Goal: name=&quot;xdoc:generate-from-pom&quot;]; precursor=[[Goal: name=&quot;xdoc:init&quot;]; precursor=[]], [Goal: name=&quot;xdoc:register-reports&quot;]; precursor=[]]]], [Goal: name=&quot;xdoc:transform&quot;]; precursor=[[Goal: name=&quot;xdoc:init&quot;]; precursor=[]]]]]], test:test-resources=[Goal: name=&quot;test:test-resources&quot;]; precursor=[[Goal: name=&quot;test:prepare-filesystem&quot;]; precursor=[]]]], xdoc:performJSL=[Goal: name=&quot;xdoc:performJSL&quot;]; precursor=[]], warAll=[Goal: name=&quot;warAll&quot;]; precursor=[]], jar:deploy=[Goal: name=&quot;jar:deploy&quot;]; precursor=[[Goal: name=&quot;jar:jar&quot;]; precursor=[[Goal: name=&quot;test:test&quot;]; precursor=[[Goal: name=&quot;test:compile&quot;]; precursor=[[Goal: name=&quot;java:compile&quot;]; precursor=[[Goal: name=&quot;java:prepare-filesystem&quot;]; precursor=[]]]], [Goal: name=&quot;java:jar-resources&quot;]; precursor=[]], [Goal: name=&quot;test:prepare-filesystem&quot;]; precursor=[]], [Goal: name=&quot;test:test-resources&quot;]; precursor=[[Goal: name=&quot;test:prepare-filesystem&quot;]; precursor=[]]]]]]]]]]]], test:compile=[Goal: name=&quot;test:compile&quot;]; precursor=[[Goal: name=&quot;java:compile&quot;]; precursor=[[Goal: name=&quot;java:prepare-filesystem&quot;]; precursor=[]]]], [Goal: name=&quot;java:jar-resources&quot;]; precursor=[]], [Goal: name=&quot;test:prepare-filesystem&quot;]; precursor=[]], [Goal: name=&quot;test:test-resources&quot;]; precursor=[[Goal: name=&quot;test:prepare-filesystem&quot;]; precursor=[]]]]]], xdoc:copy-resources=[Goal: name=&quot;xdoc:copy-resources&quot;]; precursor=[[Goal: name=&quot;xdoc:init&quot;]; precursor=[]]]], test:ui=[Goal: name=&quot;test:ui&quot;]; precursor=[[Goal: name=&quot;test:compile&quot;]; precursor=[[Goal: name=&quot;java:compile&quot;]; precursor=[[Goal: name=&quot;java:prepare-filesystem&quot;]; precursor=[]]]], [Goal: name=&quot;java:jar-resources&quot;]; precursor=[]], [Goal: name=&quot;test:prepare-filesystem&quot;]; precursor=[]], [Goal: name=&quot;test:test-resources&quot;]; precursor=[[Goal: name=&quot;test:prepare-filesystem&quot;]; precursor=[]]]]]]]], xdoc:copy-user-resources=[Goal: name=&quot;xdoc:copy-user-resources&quot;]; precursor=[[Goal: name=&quot;xdoc:init&quot;]; precursor=[]]]], pom:install-snapshot=[Goal: name=&quot;pom:install-snapshot&quot;]; precursor=[]], cleanAll=[Goal: name=&quot;cleanAll&quot;]; precursor=[]], maven-license-plugin:deregister=[Goal: name=&quot;maven-license-plugin:deregister&quot;]; precursor=[]], jar=[Goal: name=&quot;jar&quot;]; precursor=[[Goal: name=&quot;jar:jar&quot;]; precursor=[[Goal: name=&quot;test:test&quot;]; precursor=[[Goal: name=&quot;test:compile&quot;]; precursor=[[Goal: name=&quot;java:compile&quot;]; precursor=[[Goal: name=&quot;java:prepare-filesystem&quot;]; precursor=[]]]], [Goal: name=&quot;java:jar-resources&quot;]; precursor=[]], [Goal: name=&quot;test:prepare-filesystem&quot;]; precursor=[]], [Goal: name=&quot;test:test-resources&quot;]; precursor=[[Goal: name=&quot;test:prepare-filesystem&quot;]; precursor=[]]]]]]]]]]]], pom:validate=[Goal: name=&quot;pom:validate&quot;]; precursor=[[Goal: name=&quot;pom:verify-version&quot;]; precursor=[]]]], test:match-test=[Goal: name=&quot;test:match-test&quot;]; precursor=[]], java:prepare-filesystem=[Goal: name=&quot;java:prepare-filesystem&quot;]; precursor=[]], xdoc:register-reports=[Goal: name=&quot;xdoc:register-reports&quot;]; precursor=[]], pom:taglib=[Goal: name=&quot;pom:taglib&quot;]; precursor=[]], build=[Goal: name=&quot;build&quot;]; precursor=[]], clean:clean=[Goal: name=&quot;clean:clean&quot;]; precursor=[]], antlr:prepare-filesystem=[Goal: name=&quot;antlr:prepare-filesystem&quot;]; precursor=[]], xdoc:dump-report-settings=[Goal: name=&quot;xdoc:dump-report-settings&quot;]; precursor=[]], java:jar-resources=[Goal: name=&quot;java:jar-resources&quot;]; precursor=[]], test:eclipse=[Goal: name=&quot;test:eclipse&quot;]; precursor=[]], pom:verify-version=[Goal: name=&quot;pom:verify-version&quot;]; precursor=[]], test:match=[Goal: name=&quot;test:match&quot;]; precursor=[[Goal: name=&quot;test:compile&quot;]; precursor=[[Goal: name=&quot;java:compile&quot;]; precursor=[[Goal: name=&quot;java:prepare-filesystem&quot;]; precursor=[]]]], [Goal: name=&quot;java:jar-resources&quot;]; precursor=[]], [Goal: name=&quot;test:prepare-filesystem&quot;]; precursor=[]], [Goal: name=&quot;test:test-resources&quot;]; precursor=[[Goal: name=&quot;test:prepare-filesystem&quot;]; precursor=[]]]]]]]], antlr:generate=[Goal: name=&quot;antlr:generate&quot;]; precursor=[[Goal: name=&quot;antlr:prepare-filesystem&quot;]; precursor=[]]]], pom=[Goal: name=&quot;pom&quot;]; precursor=[[Goal: name=&quot;pom:validate&quot;]; precursor=[[Goal: name=&quot;pom:verify-version&quot;]; precursor=[]]]]]], java:jar=[Goal: name=&quot;java:jar&quot;]; precursor=[[Goal: name=&quot;jar:jar&quot;]; precursor=[[Goal: name=&quot;test:test&quot;]; precursor=[[Goal: name=&quot;test:compile&quot;]; precursor=[[Goal: name=&quot;java:compile&quot;]; precursor=[[Goal: name=&quot;java:prepare-filesystem&quot;]; precursor=[]]]], [Goal: name=&quot;java:jar-resources&quot;]; precursor=[]], [Goal: name=&quot;test:prepare-filesystem&quot;]; precursor=[]], [Goal: name=&quot;test:test-resources&quot;]; precursor=[[Goal: name=&quot;test:prepare-filesystem&quot;]; precursor=[]]]]]]]]]]]]};]"></property>
    <property name="java.awt.printerjob" value="sun.print.PSPrinterJob"></property>
    <property name="forehead.conf.file" value="/usr/java/maven-1.0.2/bin/forehead.conf"></property>
    <property name="maven.final.name" value="org.openplans.geoserver.gt.catalog.wfs-0.1"></property>
    <property name="maven.jar.manifest" value="/data/devel/geoserver-spike/geoserver-2.0/org.openplans.geoserver.gt.catalog.wfs/conf/Manifest.mf"></property>
    <property name="maven.xdoc.distributionType" value="jar"></property>
    <property name="maven.scp.executable" value="scp"></property>
    <property name="maven.docs.dest" value="/data/devel/geoserver-spike/geoserver-2.0/org.openplans.geoserver.gt.catalog.wfs/target/docs"></property>
    <property name="os.name" value="Linux"></property>
    <property name="java.specification.vendor" value="Sun Microsystems Inc."></property>
    <property name="maven.docs.src" value="/data/devel/geoserver-spike/geoserver-2.0/org.openplans.geoserver.gt.catalog.wfs/xdocs"></property>
    <property name="java.vm.name" value="Java HotSpot(TM) Client VM"></property>
    <property name="java.library.path" value="/usr/java/j2sdk1.4.2_09/jre/lib/i386/client:/usr/java/j2sdk1.4.2_09/jre/lib/i386:/usr/java/j2sdk1.4.2_09/jre/../lib/i386"></property>
    <property name="maven.build" value="MAVEN_BUILD_NOT_SET"></property>
    <property name="ant.java.version" value="1.4"></property>
    <property name="maven.war.src" value="/data/devel/geoserver-spike/geoserver-2.0/org.openplans.geoserver.gt.catalog.wfs/web"></property>
    <property name="maven.jar.compress" value="true"></property>
    <property name="basedir" value="/data/devel/geoserver-spike/geoserver-2.0/org.openplans.geoserver.gt.catalog.wfs"></property>
    <property name="java.class.version" value="48.0"></property>
    <property name="dir__" value="/data/devel/geoserver-spike/geoserver-2.0/org.openplans.geoserver.gt.catalog.wfs/testX"></property>
    <property name="maven.xdoc.poweredby.url" value="http://maven.apache.org/"></property>
    <property name="maven.final.dir" value="/data/devel/geoserver-spike/geoserver-2.0/org.openplans.geoserver.gt.catalog.wfs/org.openplans.geoserver.gt.catalog.wfs-0.1"></property>
    <property name="maven.xdoc.developmentProcessUrl" value="http://maven.apache.org/development-process.html"></property>
    <property name="maven.mode.online" value="true"></property>
    <property name="maven.test.dest" value="/data/devel/geoserver-spike/geoserver-2.0/org.openplans.geoserver.gt.catalog.wfs/target/test-classes"></property>
    <property name="maven.session.global" value="com.werken.werkz.jelly.JellySession@1db6942"></property>
    <property name="maven.xmlOutput" value="org.apache.commons.jelly.XMLOutput$1@f1916f[contentHandler=org.dom4j.io.XMLWriter@18330bf;lexicalHandler=org.dom4j.io.XMLWriter@18330bf]"></property>
    <property name="maven.test.skip" value="false"></property>
    <property name="maven.src.dir" value="/data/devel/geoserver-spike/geoserver-2.0/org.openplans.geoserver.gt.catalog.wfs/src"></property>
    <property name="sun.boot.library.path" value="/usr/java/j2sdk1.4.2_09/jre/lib/i386"></property>
    <property name="java.awt.graphicsenv" value="sun.awt.X11GraphicsEnvironment"></property>
    <property name="maven.multiproject.includes" value="*/project.xml"></property>
    <property name="maven.junit.envvars" value=""></property>
    <property name="maven.session" value="org.apache.maven.MavenSession@bf053f"></property>
    <property name="maven.xdoc.crumb.separator" value="|"></property>
    <property name="java.vm.specification.version" value="1.0"></property>
    <property name="pom" value="GeoServer Geotools Catalog WFS"></property>
    <property name="maven.test.reportsDirectory" value="/data/devel/geoserver-spike/geoserver-2.0/org.openplans.geoserver.gt.catalog.wfs/target/test-reports"></property>
    <property name="sun.cpu.isalist" value=""></property>
    <property name="maven.ant.project" value="org.apache.commons.grant.GrantProject@175b7f9"></property>
    <property name="unitTestSourcesPresent" value="true"></property>
    <property name="java.ext.dirs" value="/usr/java/j2sdk1.4.2_09/jre/lib/ext"></property>
    <property name="os.version" value="2.6.11-1.1369_FC4"></property>
    <property name="maven.jar.excludes" value="**/package.html"></property>
    <property name="user.home" value="/home/jdeolive"></property>
    <property name="java.vm.vendor" value="Sun Microsystems Inc."></property>
    <property name="javax.xml.parsers.DocumentBuilderFactory" value="org.apache.xerces.jaxp.DocumentBuilderFactoryImpl"></property>
    <property name="maven.xdoc.date.locale" value="en"></property>
    <property name="maven.xdoc.theme.url" value=""></property>
    <property name="user.dir" value="/data/devel/geoserver-spike/geoserver-2.0"></property>
    <property name="maven.artifact.manifest.extensions.add" value="false"></property>
    <property name="maven.xdoc.theme" value="theme"></property>
    <property name="maven.build.src" value="/data/devel/geoserver-spike/geoserver-2.0/org.openplans.geoserver.gt.catalog.wfs/target/src"></property>
    <property name="maven.default.goal" value="info"></property>
    <property name="sun.cpu.endian" value="little"></property>
    <property name="maven.distDirectory" value="/data/devel/geoserver-spike/geoserver-2.0/org.openplans.geoserver.gt.catalog.wfs/dist"></property>
    <property name="project" value="org.apache.commons.grant.GrantProject@175b7f9"></property>
    <property name="maven.defaults.loaded" value="true"></property>
    <property name="maven.username" value="USERNAME_NOT_SET"></property>
    <property name="java.vm.version" value="1.4.2_09-b05"></property>
    <property name="java.class.path" value="/usr/java/maven-1.0.2/lib/forehead-1.0-beta-5.jar"></property>
    <property name="javax.xml.parsers.SAXParserFactory" value="org.apache.xerces.jaxp.SAXParserFactoryImpl"></property>
    <property name="os.arch" value="i386"></property>
    <property name="maven.debugOn" value="false"></property>
    <property name="maven.junit.jvmargs" value=""></property>
    <property name="maven.repo.remote" value="http://www.ibiblio.org/maven"></property>
    <property name="maven.application.version" value="1.0.2"></property>
    <property name="maven.license.licenseFile" value="/data/devel/geoserver-spike/geoserver-2.0/org.openplans.geoserver.gt.catalog.wfs/LICENSE.txt"></property>
    <property name="java.vm.specification.vendor" value="Sun Microsystems Inc."></property>
    <property name="maven.gen.docs" value="/data/devel/geoserver-spike/geoserver-2.0/org.openplans.geoserver.gt.catalog.wfs/target/generated-xdocs"></property>
    <property name="file.separator" value="/"></property>
    <property name="java.runtime.version" value="1.4.2_09-b05"></property>
    <property name="sun.boot.class.path" value="/usr/java/maven-1.0.2/lib/endorsed/xerces-2.4.0.jar:/usr/java/maven-1.0.2/lib/endorsed/xml-apis-1.0.b2.jar:/usr/java/j2sdk1.4.2_09/jre/lib/rt.jar:/usr/java/j2sdk1.4.2_09/jre/lib/i18n.jar:/usr/java/j2sdk1.4.2_09/jre/lib/sunrsasign.jar:/usr/java/j2sdk1.4.2_09/jre/lib/jsse.jar:/usr/java/j2sdk1.4.2_09/jre/lib/jce.jar:/usr/java/j2sdk1.4.2_09/jre/lib/charsets.jar:/usr/java/j2sdk1.4.2_09/jre/classes"></property>
    <property name="maven.home.local" value="/home/jdeolive/.maven"></property>
    <property name="sun.java2d.fontpath" value=""></property>
    <property name="user.country" value="US"></property>
    <property name="maven.home" value="/usr/java/maven-1.0.2"></property>
    <property name="maven.antlr.src.dir" value="MAVEN_ANTLR_SRC_DIR_NOT_SET"></property>
    <property name="maven.distBuildDirectory" value="/data/devel/geoserver-spike/geoserver-2.0/org.openplans.geoserver.gt.catalog.wfs/target"></property>
    <property name="tools.jar" value="/usr/java/j2sdk1.4.2_09/lib/tools.jar"></property>
    <property name="java.vendor" value="Sun Microsystems Inc."></property>
    <property name="maven.docs.outputencoding" value="ISO-8859-1"></property>
    <property name="java.specification.version" value="1.4"></property>
    <property name="maven.ui.navcol.width" value="20%"></property>
    <property name="sun.arch.data.model" value="32"></property>
  </properties>
  <testcase name="testBeanLoad" time="0.319">
    <error message="No bean named &apos;org.openplans.geoserver.gt.catalog.serviceFinder&apos; is defined: org.springframework.beans.factory.support.DefaultListableBeanFactory defining beans [org.openplans.geoserver.geotools.catalog.wfsServiceFactory]; root of BeanFactory hierarchy" type="org.springframework.beans.factory.NoSuchBeanDefinitionException">org.springframework.beans.factory.NoSuchBeanDefinitionException: No bean named &apos;org.openplans.geoserver.gt.catalog.serviceFinder&apos; is defined: org.springframework.beans.factory.support.DefaultListableBeanFactory defining beans [org.openplans.geoserver.geotools.catalog.wfsServiceFactory]; root of BeanFactory hierarchy
	at org.springframework.beans.factory.support.DefaultListableBeanFactory.getBeanDefinition(DefaultListableBeanFactory.java:349)
	at org.springframework.beans.factory.support.AbstractBeanFactory.getMergedBeanDefinition(AbstractBeanFactory.java:671)
	at org.springframework.beans.factory.support.AbstractBeanFactory.getBean(AbstractBeanFactory.java:198)
	at org.springframework.beans.factory.support.AbstractBeanFactory.getBean(AbstractBeanFactory.java:147)
	at org.springframework.context.support.AbstractApplicationContext.getBean(AbstractApplicationContext.java:553)
	at org.openplans.geoserver.gt.catalog.AbstractServiceFactoryTest.setUp(AbstractServiceFactoryTest.java:38)
	at org.apache.commons.jelly.tags.ant.AntTag.doTag(AntTag.java:185)
	at org.apache.commons.jelly.impl.TagScript.run(TagScript.java:279)
	at org.apache.commons.jelly.impl.ScriptBlock.run(ScriptBlock.java:135)
	at org.apache.commons.jelly.TagSupport.invokeBody(TagSupport.java:233)
	at org.apache.commons.jelly.tags.core.IfTag.doTag(IfTag.java:88)
	at org.apache.commons.jelly.impl.TagScript.run(TagScript.java:279)
	at org.apache.commons.jelly.impl.ScriptBlock.run(ScriptBlock.java:135)
	at org.apache.maven.jelly.tags.werkz.MavenGoalTag.runBodyTag(MavenGoalTag.java:79)
	at org.apache.maven.jelly.tags.werkz.MavenGoalTag$MavenGoalAction.performAction(MavenGoalTag.java:110)
	at com.werken.werkz.Goal.fire(Goal.java:639)
	at com.werken.werkz.Goal.attain(Goal.java:575)
	at com.werken.werkz.Goal.attainPrecursors(Goal.java:488)
	at com.werken.werkz.Goal.attain(Goal.java:573)
	at com.werken.werkz.Goal.attainPrecursors(Goal.java:488)
	at com.werken.werkz.Goal.attain(Goal.java:573)
	at org.apache.maven.plugin.PluginManager.attainGoals(PluginManager.java:671)
	at org.apache.maven.MavenSession.attainGoals(MavenSession.java:263)
	at org.apache.maven.jelly.tags.maven.ReactorTag.doTag(ReactorTag.java:368)
	at org.apache.commons.jelly.impl.TagScript.run(TagScript.java:279)
	at org.apache.commons.jelly.impl.ScriptBlock.run(ScriptBlock.java:135)
	at org.apache.maven.jelly.tags.werkz.MavenGoalTag.runBodyTag(MavenGoalTag.java:79)
	at org.apache.maven.jelly.tags.werkz.MavenGoalTag$MavenGoalAction.performAction(MavenGoalTag.java:110)
	at com.werken.werkz.Goal.fire(Goal.java:639)
	at com.werken.werkz.Goal.attain(Goal.java:575)
	at com.werken.werkz.WerkzProject.attainGoal(WerkzProject.java:193)
	at org.apache.maven.jelly.tags.werkz.MavenAttainGoalTag.doTag(MavenAttainGoalTag.java:127)
	at org.apache.commons.jelly.impl.TagScript.run(TagScript.java:279)
	at org.apache.commons.jelly.impl.ScriptBlock.run(ScriptBlock.java:135)
	at org.apache.maven.jelly.tags.werkz.MavenGoalTag.runBodyTag(MavenGoalTag.java:79)
	at org.apache.maven.jelly.tags.werkz.MavenGoalTag$MavenGoalAction.performAction(MavenGoalTag.java:110)
	at com.werken.werkz.Goal.fire(Goal.java:639)
	at com.werken.werkz.Goal.attain(Goal.java:575)
	at org.apache.maven.plugin.PluginManager.attainGoals(PluginManager.java:671)
	at org.apache.maven.MavenSession.attainGoals(MavenSession.java:263)
	at org.apache.maven.cli.App.doMain(App.java:488)
	at org.apache.maven.cli.App.main(App.java:1239)
	at sun.reflect.NativeMethodAccessorImpl.invoke0(Native Method)
	at sun.reflect.NativeMethodAccessorImpl.invoke(NativeMethodAccessorImpl.java:39)
	at sun.reflect.DelegatingMethodAccessorImpl.invoke(DelegatingMethodAccessorImpl.java:25)
	at com.werken.forehead.Forehead.run(Forehead.java:551)
	at com.werken.forehead.Forehead.main(Forehead.java:581)
</error>
  </testcase>
  <testcase name="testCreateService" time="0.019">
    <error message="No bean named &apos;org.openplans.geoserver.gt.catalog.serviceFinder&apos; is defined: org.springframework.beans.factory.support.DefaultListableBeanFactory defining beans [org.openplans.geoserver.geotools.catalog.wfsServiceFactory]; root of BeanFactory hierarchy" type="org.springframework.beans.factory.NoSuchBeanDefinitionException">org.springframework.beans.factory.NoSuchBeanDefinitionException: No bean named &apos;org.openplans.geoserver.gt.catalog.serviceFinder&apos; is defined: org.springframework.beans.factory.support.DefaultListableBeanFactory defining beans [org.openplans.geoserver.geotools.catalog.wfsServiceFactory]; root of BeanFactory hierarchy
	at org.springframework.beans.factory.support.DefaultListableBeanFactory.getBeanDefinition(DefaultListableBeanFactory.java:349)
	at org.springframework.beans.factory.support.AbstractBeanFactory.getMergedBeanDefinition(AbstractBeanFactory.java:671)
	at org.springframework.beans.factory.support.AbstractBeanFactory.getBean(AbstractBeanFactory.java:198)
	at org.springframework.beans.factory.support.AbstractBeanFactory.getBean(AbstractBeanFactory.java:147)
	at org.springframework.context.support.AbstractApplicationContext.getBean(AbstractApplicationContext.java:553)
	at org.openplans.geoserver.gt.catalog.AbstractServiceFactoryTest.setUp(AbstractServiceFactoryTest.java:38)
	at org.apache.commons.jelly.tags.ant.AntTag.doTag(AntTag.java:185)
	at org.apache.commons.jelly.impl.TagScript.run(TagScript.java:279)
	at org.apache.commons.jelly.impl.ScriptBlock.run(ScriptBlock.java:135)
	at org.apache.commons.jelly.TagSupport.invokeBody(TagSupport.java:233)
	at org.apache.commons.jelly.tags.core.IfTag.doTag(IfTag.java:88)
	at org.apache.commons.jelly.impl.TagScript.run(TagScript.java:279)
	at org.apache.commons.jelly.impl.ScriptBlock.run(ScriptBlock.java:135)
	at org.apache.maven.jelly.tags.werkz.MavenGoalTag.runBodyTag(MavenGoalTag.java:79)
	at org.apache.maven.jelly.tags.werkz.MavenGoalTag$MavenGoalAction.performAction(MavenGoalTag.java:110)
	at com.werken.werkz.Goal.fire(Goal.java:639)
	at com.werken.werkz.Goal.attain(Goal.java:575)
	at com.werken.werkz.Goal.attainPrecursors(Goal.java:488)
	at com.werken.werkz.Goal.attain(Goal.java:573)
	at com.werken.werkz.Goal.attainPrecursors(Goal.java:488)
	at com.werken.werkz.Goal.attain(Goal.java:573)
	at org.apache.maven.plugin.PluginManager.attainGoals(PluginManager.java:671)
	at org.apache.maven.MavenSession.attainGoals(MavenSession.java:263)
	at org.apache.maven.jelly.tags.maven.ReactorTag.doTag(ReactorTag.java:368)
	at org.apache.commons.jelly.impl.TagScript.run(TagScript.java:279)
	at org.apache.commons.jelly.impl.ScriptBlock.run(ScriptBlock.java:135)
	at org.apache.maven.jelly.tags.werkz.MavenGoalTag.runBodyTag(MavenGoalTag.java:79)
	at org.apache.maven.jelly.tags.werkz.MavenGoalTag$MavenGoalAction.performAction(MavenGoalTag.java:110)
	at com.werken.werkz.Goal.fire(Goal.java:639)
	at com.werken.werkz.Goal.attain(Goal.java:575)
	at com.werken.werkz.WerkzProject.attainGoal(WerkzProject.java:193)
	at org.apache.maven.jelly.tags.werkz.MavenAttainGoalTag.doTag(MavenAttainGoalTag.java:127)
	at org.apache.commons.jelly.impl.TagScript.run(TagScript.java:279)
	at org.apache.commons.jelly.impl.ScriptBlock.run(ScriptBlock.java:135)
	at org.apache.maven.jelly.tags.werkz.MavenGoalTag.runBodyTag(MavenGoalTag.java:79)
	at org.apache.maven.jelly.tags.werkz.MavenGoalTag$MavenGoalAction.performAction(MavenGoalTag.java:110)
	at com.werken.werkz.Goal.fire(Goal.java:639)
	at com.werken.werkz.Goal.attain(Goal.java:575)
	at org.apache.maven.plugin.PluginManager.attainGoals(PluginManager.java:671)
	at org.apache.maven.MavenSession.attainGoals(MavenSession.java:263)
	at org.apache.maven.cli.App.doMain(App.java:488)
	at org.apache.maven.cli.App.main(App.java:1239)
	at sun.reflect.NativeMethodAccessorImpl.invoke0(Native Method)
	at sun.reflect.NativeMethodAccessorImpl.invoke(NativeMethodAccessorImpl.java:39)
	at sun.reflect.DelegatingMethodAccessorImpl.invoke(DelegatingMethodAccessorImpl.java:25)
	at com.werken.forehead.Forehead.run(Forehead.java:551)
	at com.werken.forehead.Forehead.main(Forehead.java:581)
</error>
  </testcase>
  <system-out><![CDATA[]]></system-out>
  <system-err><![CDATA[]]></system-err>
</testsuite>
