<?xml version="1.0" encoding="UTF-8"?>
<!DOCTYPE beans PUBLIC "-//SPRING//DTD BEAN//EN" "http://www.springframework.org/dtd/spring-beans.dtd">

<beans>

	<!-- GeoServer data directory initializer -->
	<bean id="dataDirectoryInitializer" class="org.geoserver.web.GeoServerDataDirectoryInitializer"/>
	
</beans>