<?xml version="1.0" encoding="UTF-8"?>
<!DOCTYPE beans PUBLIC "-//SPRING//DTD BEAN//EN" "http://www.springframework.org/dtd/spring-beans.dtd">

<beans>

  <!-- resource loader -->
  <bean id="resourceLoader" class="org.geoserver.GeoServerResourceLoader"/>

  <!-- adapting catalog  -->
  <bean id="adapterFactoryFinder" class="org.geoserver.data.GeoServerResolveAdapterFactoryFinder"/>
  <bean id="catalog"
		class="org.geoserver.data.DefaultGeoServerCatalog">
	<constructor-arg ref="adapterFactoryFinder"/>
  </bean>
  
  <!-- adapter to turn catalog handles into "meta data" objects" -->
  <bean id="infoAdapterFactory" class="org.geoserver.data.feature.InfoAdapterFactory">
  	<constructor-arg ref="catalog"/>
  	<constructor-arg ref="resourceLoader"/>
  </bean>
 
  <!-- used to lookup services -->
  <bean id="serviceFinder" class="org.geotools.catalog.adaptable.AdaptingServiceFinder">
  	<constructor-arg ref="catalog"/>
  	<constructor-arg>
  	  <bean class="org.geoserver.data.GeoServerServiceFinder">
	    <constructor-arg ref="catalog"></constructor-arg>	
      </bean>
  	</constructor-arg>
  </bean>
  
  <!-- loading the catalog with data on container startup -->
  <bean id="catalogLoader" class="org.geoserver.data.CatalogLoader">
  	<constructor-arg ref="resourceLoader"/>
  	<constructor-arg ref="catalog"/>
  	<constructor-arg ref="serviceFinder"/>
  </bean>
  
  <!-- some default catalog service factories -->
  <bean id="sldServiceFactory" 
  	class="org.geotools.catalog.styling.SLDServiceFactory"/>

  	 
</beans>